500
0 1207 1470 1791 2216 2645 3261 4233 4268 5005 5485 5561 7361 148 979
1 548 1599 1924 1996 2207 2349 2816 3029 3131 3546 6351 7880 205 5677 3936
2 7 1216 2514 3849 3963 4092 5000 5085 5244 5272 5480 5678 9299
3 282 1098 2784 3453 3787 3896 3928 4049 4076 4230 4541 6903 7296 7153 2
4 1403 1973 2413 2955 3778 3802 3828 3950 4251 4536 7234 8387
5 1002 1188 1396 1409 1437 1444 2006 2357 2396 2760 3731 6387 8043
6 27 565 705 1087 1575 1767 2028 2460 2477 2640 4958 2555 2288 2962
7 806 2152 2523 2641 3420 3487 4029 4186 6464 7949 2962
8 654 1084 1183 1205 1452 1472 1615 1943 2272 2572 3188 3678 3925 4811 5228 5783 7267 8125 2240
9 196 448 533 622 837 1320 1822 3113 3176 3391 3723 4066 4075 4226 6084 7669 6692
10 114 263 612 697 1303 2067 2510 2868 3439 4569 5901
11 128 889 1157 1477 1728 3332 3782 4170 4518 4875 5072 5652 5714 6734 9842
12 389 828 2577 3073 4014 4500 5518 5562 5610 5765 6359 9688
13 210 253 490 623 658 1229 1870 2110 3617 3824 6499 8618 3074
14 71 88 252 304 493 700 1535 1591 1777 2342 4356 4562 4825 5171 7950 2643
15 322 602 945 1021 1283 2182 2320 2652 2959 3761 4151 4196 4907 321 935 3783 3032
16 1556 3339 3673 4204 4336 4440 4776 4904 4921 5488 5629 5784 9483 9244 9533
17 950 1123 1467 2243 2430 4947 5048 5308 5385 5614 5907 6137 105 6613
18 1989 3268 3646 4083 4213 4596 4665 4862 5237 5343 7586 2121
19 573 976 1133 1212 1507 2598 2663 2782 3321 3371 3835 3884 4060 4326 5155 6113 9129 6938 321
20 119 836 1031 2417 3320 4126 4155 4164 4447 4547 4930 5368 9197
21 0 171 215 297 1101 1359 1580 1795 1796 2324 2362 5509 7105
22 1168 1766 3173 4074 4090 4237 4273 4806 6374 1145
23 12 2451 2574 2636 2775 3418 3790 4306 4397 4937 5409 4679
24 454 1259 1528 1836 1867 2071 2123 2937 3300 3467 4078 4945 5151 6970 9968
25 107 316 624 1282 1408 2037 2940 3027 3097 3105 3584 4687 7 7120 79
26 97 689 732 1068 2388 3457 3836 3872 4283 4502 4990 5356 1289 5064
27 386 741 1015 1813 2297 2597 3122 3174 3943 3984 5412 569 6613 5962
28 439 455 510 536 633 685 699 822 834 879 1186 1250 1429 2858 4784 5412 9968 6327
29 9 2234 2665 2743 2842 3355 3382 4136 4818 5746 5925 6920 7133 8293 9224 2052 6827
30 1307 1661 2373 2930 3272 3612 4473 5551 5601 5603 6423 9834 3830
31 115 307 509 591 774 853 1230 3110 4052 4551 5839 5860 4664 2555
32 160 749 1187 1235 2502 2534 2946 3498 3705 4626 4985 5801 4020
33 94 146 200 570 1737 2014 2059 2934 3008 3213 3393 3438 4086 4651 7266 7762
34 106 151 373 1664 1799 2077 2392 2680 3216 3360 3986 4028 4176 8307 5869
35 221 672 2166 2277 2684 2741 2835 3185 4394 5156 5866 7126 2962
36 653 1511 2217 3124 3223 3580 3881 4327 5912 7429
37 11 802 981 1456 1533 2364 2402 2507 3366 3687 4347 7296 2962 6584
38 678 872 2475 2763 4316 5024 5056 5058 5087 5283 5338 9979 9533
39 41 476 807 1345 1534 1642 1953 2016 2159 2199 2205 2588 2714 3958 4717 6060 3163 7153
40 268 873 966 989 1966 2428 2809 3167 3421 3917 4371 1117 3012 5219 6327 979
41 557 574 587 894 1397 1491 1568 1906 2054 2425 2958 5548 2555
42 814 923 988 2352 2411 2653 2697 3348 3488 3515 5009 5961 6842 9834
43 199 4100 4217 4509 5461 5506 5510 5529 5575 5594 7698 1984 5748
44 2941 2944 3523 5395 5505 5558 5721 5722 5733 5895 6258
45 586 1440 2019 2628 3588 3785 4003 4451 4583 4931 5738 7438 8125
46 3807 4224 5285 5376 5517 5653 5705 5731 6189 259 7153
47 861 1165 3349 3679 5108 5231 5306 5335 5464 5491 5745 259 2
48 498 2200 2871 3171 3179 3233 3814 3857 4189 5384 1149 8994 4326 2986
49 1702 1789 2511 3062 3774 3843 4214 4290 4939 5146 5195 6270 8269 8994 5880 9968
50 502 1162 1545 1558 1691 2419 2436 2613 3401 7874 2437
51 408 460 626 1102 1439 2768 3091 3396 4229 4401 4745 4966 5762 7579 647 3936
52 82 704 1502 1547 1740 2548 2731 3954 4177 5038 5655 6938 7699 2962
53 216 1666 2755 2838 3356 3416 4016 4101 4157 4834 5113 6336 7517
54 539 1350 2206 2530 2892 3461 3586 4250 4686 4765 5068 5101 5440 5885 5762
55 173 1110 1919 2070 3768 4666 4804 4964 5527 5590 8722
56 656 863 1262 2420 2631 3047 3199 3342 3566 3598 4096 4787 4808 6447 4855
57 15 1390 3660 4539 4865 5119 5123 5289 5424 7568 79
58 70 469 1770 2544 2677 3565 3629 3732 3776 3809 3916 4140 5334 5980 7162 1534 7153
59 22 443 600 941 1727 1771 2045 2659 2734 2851 6001 7899 9007 935
60 584 1016 1304 2261 2311 2457 3386 4649 5411 5831 4180 2
61 364 803 1122 1417 1975 2900 4419 4838 4972 5301 5798 7762
62 451 1225 1682 1900 3232 3996 4305 4319 4481 5220 5224 5274 6334 5412 79
63 250 258 1175 1785 3277 3907 3960 4208 5089 5280 5390 5497 5702 6376 650
64 560 2712 3115 3144 3217 4061 4802 5110 5393 5571 5689 5863 6608 6625 2685 6827 8125
65 842 1546 1574 3407 4219 5078 5135 5284 5360 5495 5697 5703 2013 9007
66 413 497 607 696 1075 1414 2147 3931 4156 4549 4995 5297 5735 6040 6584 5340
67 990 2492 3548 3549 3651 4221 4621 4849 4989 7147 7713
68 747 1892 2551 2581 2764 3961 4059 4080 4225 5145 5728 6566 6258 238
69 1400 1430 1781 1812 1918 2840 2910 2973 3002 3195 3210 3964 3992 4174 4303 5341 2240
70 116 1119 1586 3505 4367 4631 4673 5010 5204 5252 5386 5417 9230
71 136 286 326 754 793 921 1172 1227 1643 1698 1730 2298 2432 2897 6073 8209 1429 1668 4326 1774
72 87 479 3161 3357 3540 3692 3909 3995 4457 5326 5501 8431
73 75 95 168 336 1081 1114 1801 2106 2184 2214 2251 2285 3102 4079 6889 8994 3936
74 164 410 478 1776 2065 3063 3573 3826 3829 4763 7088 7710 4170 2
75 1734 1787 1887 2361 2476 2501 2629 3428 3693 3903 4223 5777 6453
76 57 1083 1431 1515 1763 1788 2796 3120 3353 3721 3841 3882 4027 4287 4632 9848 1299
77 84 284 630 1346 1951 2815 2963 3000 3055 4168 4890 2 321
78 247 1678 3049 3594 4355 5262 5337 5613 5682 5807 8332 6635 7699
79 1 186 213 374 585 740 1140 1166 1198 1266 2057 5995 843 2615 7652
80 214 1319 3166 4315 4625 4654 4748 4831 5635 5761 5843 6698 4765 1299 4855
81 133 426 655 804 877 1860 1954 3011 3048 3747 4261 4478 5214 7153 76 625 3936
82 903 1626 2662 3749 3946 4328 4514 4655 4721 6188 9615 5869
83 72 346 1018 1603 1780 2231 2390 3180 3511 4320 5232 6765 7709 9299 8406 5064 2555
84 249 283 356 890 1044 2615 2826 3022 3688 3689 4564 4832 4842 4941 5407 5884 7751 7219 5715
85 1040 1106 1625 1757 2032 2470 2485 2520 3637 4350 4899 4981 5004 5382 5910 7861 2962
86 1914 2547 2568 3067 3282 4185 4385 5117 5230 5273 5331 5824 6797 7055 2240
87 496 773 1003 1218 1291 2295 2307 2496 2646 3712 3850 4844 5580 5871 8212 838 427
88 93 996 1597 2587 3662 5083 5201 5471 5685 5759 5780 6913
89 16 298 547 959 1203 1428 2092 2133 2139 2263 4444 6652 3032 8293 321 935 9533
90 605 1208 1308 1554 2266 3760 4175 4244 4410 4459 4847 4994 5466 6547 7629 352 427
91 333 447 826 1356 1404 1585 2600 3053 3092 3378 3545 3771 3854 5547 7013 4909
92 1199 1232 1738 3181 3553 4180 4194 4593 4629 4699 4816 4840 7486 6101 321
93 517 787 3278 3325 3717 4138 4182 4796 5183 5408 5442 5498 6187 6739 183
94 1379 2052 2112 2931 4056 4617 5268 5736 5774 5789 5845 1476
95 788 927 2648 4264 4653 4908 5287 5436 5450 5695 5855 6377
96 1553 2916 2997 3197 4046 4414 4716 4961 5915
97 477 1052 1267 1529 2126 2860 3489 3589 3685 3741 5715 5838 7050 5412
98 257 567 876 3716 5282 5559 5720 5766 5812 5814 6086 7762
99 59 188 299 1080 2046 2780 3727 4330 4423 4443 4648 5639 6511
100 34 1192 1498 1739 2212 3445 3744 4050 4160 4280 4364 4476 4501 4820 5194 5833 9600
101 73 634 724 1492 2380 2604 2974 3276 3933 4025 4346 4740 5589 7439 4035
102 37 225 486 1313 2394 2564 2647 3516 3518 3755 4679 4871 3377
103 241 401 564 651 969 1196 2605 3241 3341 3567 3932 3936 4710 5773 2790 9545
104 174 940 980 2122 2293 2998 3283 3522 3891 5316 6537 6899 9178 3316
105 122 309 534 786 1047 1829 1908 2118 2635 2695 4957 7240 8830 208 2643 321
106 1357 2726 3303 4165 5330 5624 5626 5725 5934 5437 8994
107 459 999 1831 2772 2961 3019 3254 3536 3838 5138 5451 7553 1299 1668
108 529 540 1971 2241 2276 3459 4405 5006 5173 5704 8259 5412 9244
109 716 958 1300 1461 2011 2525 3222 3718 4098 4191 5294 8495 7709 935 5715
110 86 462 1074 1112 1446 1581 2609 2886 3490 3504 4109 5053 5141 5248 5674 6354 6467 79
111 113 621 738 2179 2422 2472 2644 3101 3437 3475 3867 5458 5592 6817 4199
112 1076 1503 1894 2018 2176 2250 2278 2634 4144 4289 4581 7044 9848 5715
113 278 882 1071 1458 1839 2061 3145 3464 4102 4125 4396 6251 2643
114 79 344 504 1488 1633 2803 2980 3130 3369 3937 4915 5063 8284 2630 7762 2
115 54 538 1204 1386 1631 1818 2218 2290 2415 3605 5794 5099 5507
116 62 222 396 1134 2508 3501 3530 4344 4461 6075 8068 4314 6672
117 935 2013 3024 3143 4554 4558 5014 5115 5221 5227 5246 6438 7120 4341 6030 8994
118 100 492 904 1479 1635 1843 1904 2078 2316 2318 2586 3894 4317 4799 6676 2
119 176 505 604 848 1298 2537 2739 2876 2922 3861 4274 4873 5818
120 134 2226 2443 2706 2982 3184 3198 3538 3851 4130 5893 847
121 178 801 920 1265 1844 1886 1984 2571 3921 4277 9347 3074
122 429 432 468 614 668 2494 2932 3451 4246 4311 4633 4681 5027 5245 4035 8994
123 24 80 144 300 1054 1322 1374 1476 1478 1593 2279 2857 3158 3889 4526 5504 5788 321
124 811 1722 1933 2219 2405 2504 3652 3981 4408 5419 979 7652
125 994 1152 1362 2889 4146 4511 4682 5052 5374 6980 9545 6537 3877 79
126 366 501 520 552 688 1290 2165 2171 2208 2418 2429 2657 3017 7615 1454
127 859 1687 1724 1759 2517 3993 4082 4524 5557 9931
128 118 327 960 1223 1850 2607 3137 3157 3631 4231 4363 4813 4948 5106 5648
129 385 965 1988 2367 2700 3906 4424 5073 5439 9968
130 270 292 353 487 491 713 1295 1468 2076 3578 4901 5198 6492 1496 9533 2962
131 2686 2926 3929 4450 4573 4977 5032 5357 5519 5550 6748 7883 447 8491
132 259 1144 1911 3972 4087 4188 4375 4830 4859 4867 5278 5593 6343 4901 3982
133 545 1261 1896 2150 2999 3302 3365 3619 3800 4490 5247 7007 5715
134 2088 3481 3528 3622 4366 4599 4954 5410 5539 5673 5742 6115 6671 9270
135 25 78 308 618 1317 2034 3351 3568 3653 4482 4566 5406 5816 7820 2240
136 669 1088 1721 2196 4107 4777 5199 5460 5521 5542 6262 4664
137 423 1006 2761 3136 3442 3480 4008 6048
138 2103 2142 3074 3542 4770 4851 5076 5191 5239 5344 5421 5621 8193
139 929 1692 1968 3263 3448 3557 4121 4470 4835 4853 5748 5909 6326 9008 2704 4199
140 818 1469 1907 2848 3590 3628 3664 5532 5573 5605 6144 8116 8193
141 1274 4427 4883 4895 5118 5267 5346 5396 5879 6827 5715
142 1156 1604 1667 2736 4112 4195 4614 4731 4891 5400 5459 5625 5663 9545
143 1895 2098 2431 2678 3695 3862 3913 4301 5215 7179 3877
144 240 846 1917 2555 2582 3476 4006 4116 4321 5906 6955 2 3836 79
145 147 558 1693 2091 2393 2584 2960 3044 3411 3880 4647 5323 7474 8498
146 3084 3831 4019 4737 5041 5493 5616 5617 5649 5846 6355 2175 427 2962
147 781 782 820 891 1042 1963 2229 2300 2896 2976 4521 4594 8049 9968
148 778 1085 1383 1696 2130 2183 2215 2240 2521 2556 2814 3054 4053 6352 3023 412
149 229 495 800 2670 3060 4407 4803 5275 5299 5476 5897 6681 3877
150 359 887 1600 1899 2169 2370 3045 3061 3257 5401 5520 6744 3371 5412
151 2007 2188 2805 2908 3618 3672 4285 4611 4922 5169 9659 2962 5748
152 1258 1335 1912 2289 2705 2785 3228 3512 4043 4048 9518
153 367 983 1338 1551 1640 2334 2365 2421 2626 3208 6175 4985 6547
154 204 1663 2400 2414 2654 2965 3799 4312 4735 5086 5950 7864
155 281 317 381 411 1038 1142 1486 1539 1671 2855 4093 4923 6390 7517
156 180 569 839 1493 1909 2023 2348 2964 3482 6201 8183 1668
157 92 135 926 962 1355 2656 4674 5012 5467 5811 7845 1668
158 120 236 306 854 1049 1138 1448 1950 2036 3021 3869 3988 4354 6044 7759 8134
159 99 145 871 993 1756 3036 3739 4275 4392 4704 4861 5477 4199 321
160 365 729 1471 1531 2025 2550 3014 3494 3521 4118 4119 4241 4744 5468 5848 2962
161 69 914 1039 1056 1195 1660 1816 2190 2341 3552 3576 4357 4952 5379 7001 2407 7652
162 472 718 1169 1713 3600 4378 5192 5315 5354 5391 5552 5564 5928 321 2962
163 162 1228 1263 1299 2573 2630 2869 3259 3634 3844 3935 4072 4242 6020 7852
164 888 917 1331 1871 1987 2187 3068 3108 3326 3613 3969 4205 6982 3144 1668
165 766 1394 1683 2354 2682 3472 3920 3998 4089 5751 3792
166 2716 2756 2912 3033 3338 3383 3926 3966 4750 4819 5536 1125 6534
167 6 125 348 382 480 582 684 777 1708 2286 5775 6244 374 1984
168 228 973 1070 1548 1576 1608 1873 2437 2792 2953 3525 4147 6095 7087 2114 8406 2962
169 103 291 984 1096 1363 1544 1868 2049 2446 2676 3212 9444 4855 427
170 260 289 397 1024 1453 2204 2249 2592 2752 2859 3089 3486 3625 46 7699
171 58 1064 1341 1617 1703 2326 2442 3015 3163 3204 3289 3374 4622 4797 5609 7652 9301
172 717 1392 2004 2299 3012 3667 3738 5007 5133 5688 6198 9197 3032
173 354 791 1160 1634 2042 2696 2766 2789 3050 3868 4266 7852 935
174 1184 1619 1972 2698 3316 3606 3980 5047 5077 5103 5261 5528 6054 8343 6134 6101
175 280 484 619 885 1649 2515 2595 3271 3299 3677 6236 7997
176 127 193 809 1343 1485 1800 2193 2531 2898 3429 3990 4236 4487 4532 6298 9713 3936 321
177 835 2506 2948 3218 3725 3911 4002 4202 4232 4359 4610 9903 3004 5715
178 89 277 589 1246 1606 1869 1960 2329 2693 3209 3240 3534 4203 4975 6631 776 2
179 350 2386 2453 3116 4384 4387 4656 4715 7456 8528 5643 5715 2240 2986
180 64 650 1782 1824 3075 3194 4042 4094 4228 4337 4449 5023 6833 8711
181 875 1760 2008 2086 2288 2444 2710 3502 3665 3904 4570 4589 5430 2155 6021
182 203 530 611 719 795 886 1213 1741 1927 2377 2527 2529 2643 2863 5643 5921 7367 4352 3758 6613
183 2 1043 1089 1333 2087 2625 2732 3309 3329 3432 3615 3812 3820 4122 8227 1984 9842
184 470 499 1276 1970 2096 2312 2467 3733 4284 4525 4537 6331 7902 3521 3982
185 355 431 445 938 1393 1596 1641 1810 2519 2818 2913 3449 5698 6283 3783
186 857 1587 1607 1658 2044 2343 3279 3524 4103 4559 4678 4708 6895 3012
187 17 435 507 794 866 2314 2404 2505 2770 3026 3281 3910 4117 6161 3376
188 66 139 1127 1550 2116 3698 4113 4362 5030 5426 5554 5627 8053
189 185 1001 1367 1371 1583 4253 4276 4781 4795 5463 5612 9677
190 628 664 734 864 1332 2246 2621 3269 3595 3942 5503 6613
191 2223 3666 4370 5533 5591 5599 5644 5650 5651 5719 5873 7379 7864 6613 9545
192 771 1463 1875 1986 2119 3220 3497 4980 5134 5302 5549 6409 6141
193 154 907 1100 1279 2387 3072 3207 3766 4255 4603 4624 5216 6687 1058 1383 2288 7949
194 785 1814 3763 4934 5403 5423 5508 5545 5585 7349 9968 5715
195 625 1090 1495 1552 2804 2904 3077 3436 3971 4636 4858 4963 4996 5016 5180 1625 9007
196 417 2612 3314 3370 3611 3853 4015 4131 5399 5443 5556 5567 5679 5412
197 1278 1353 2010 2015 2688 4259 4452 4690 5001 6403 3936
198 184 562 1067 1601 1648 1932 2186 2642 3109 3226 3477 3493 3756 3897 4828 8462 9842 4020
199 302 706 1146 1154 1375 2237 3205 3627 4018 4949 3728 5507
200 362 420 483 2259 2291 2353 2745 3135 4239 4889 5080 5383 6102 8685 7732 79
201 1473 2081 2141 2495 2539 2611 2836 2987 3745 3978 4544 5662 8235
202 519 913 1060 1193 2423 2738 3609 3735 3775 3977 5313 5636 427
203 819 1150 1487 1656 1751 2005 2178 2424 2562 2894 3334 3376 4278 4488 4878 7933
204 177 1170 1559 1623 1659 1705 2062 2162 2735 2865 3114 3323 3403 4468 5217 7029 9023 7949
205 272 466 1035 1712 2623 2891 3430 3479 3492 4431 4693 6615 5322
206 19 409 1109 1893 2213 2533 3080 4037 4210 4520 4534 4789 6045 8005 9374 3261 6938
207 434 985 1115 1312 1438 1808 2668 2740 3098 3384 3898 4035 8121 9129 4020 3982 3012 1668 2288
208 269 726 808 899 906 1149 1210 1590 1676 2022 2707 2827 5322 3543
209 318 341 1418 1835 2567 4402 4496 4936 4979 8484 3602
210 900 1368 1611 1672 2281 2375 2471 2503 3035 3410 3842 3877 3944 4084 4313 5304 5413 8922 8134
211 2026 2125 2781 2841 2993 3435 3924 3951 4540 4680 5771 5872
212 296 394 1153 1178 1723 1922 1977 2535 3175 3372 3762 5875 8663
213 294 1286 1784 2104 2305 2603 3118 4723 4756 4956 5066 5630 2480 8994 3894
214 26 244 613 1111 1372 1407 1974 2228 3581 3608 4983 9453 8716 7762
215 357 1045 1191 1872 2167 2713 3038 3599 4568 5187 5966 6030 427
216 383 627 1877 1985 2138 2245 2722 3506 3647 4110 7653
217 883 1302 1775 1854 2230 2672 3729 3847 4167 6049 7266 311 2340 8994 79
218 1197 1254 1928 2455 2935 3030 3129 3362 3901 4967 5061 8069 2128 9842
219 138 157 412 579 598 1012 1126 1190 1564 1594 2055 4007 9075 4176
220 158 769 1401 1748 1864 1921 2157 2938 3641 3681 3686 3750 4129 6621 745 5962 8125 2288 9533
221 635 698 2610 3128 3165 3626 3779 4422 4786 4916 4973 5328 5810 6853 9930
222 209 1211 2072 2622 2853 3305 3770 4684 5597 5813 6502 3163 7296
223 403 1097 1837 2306 3237 4426 4494 4792 4821 5305 5979 6391 7289 3144 925
224 1059 1116 1931 1999 3039 4542 4857 5020 5095 5249 5296 5445 6057 8125
225 140 1405 3724 3878 4368 5361 5433 5453 5465 5560 5691 5734 6360 7736 5446 2240
226 211 407 542 721 850 1347 1577 1847 2033 2264 2275 3040 3905 4886 6053 7240
227 207 335 1255 1560 1566 2068 2797 3801 3866 4077 4179 4550 4824 4971 5088 5456 6635 3602 3830 2555 3894 6613
228 402 572 1793 2075 2903 2990 3440 3833 4304 4349 6087
229 425 767 1057 1201 1562 1826 1828 2244 3262 5143 5182 5222 5266 6083 1429
230 40 265 377 606 642 949 1415 3247 3252 3478 3956 4561 6071 5962 2962 9007
231 102 1329 1406 2699 3726 4598 4623 4998 5543 5672 5693 5709 5744 6015 3023 2240
232 3186 3433 4460 4702 4726 5120 5428 5499 5526 5537 5817 5867 2986 6613
233 342 581 946 1980 2454 2576 2681 4187 4746 5435 5455 5989 7085 427 199
234 415 693 1221 1442 2309 2522 2650 3139 3503 3700 4486 5099 6699 4199 9533 79
235 2185 3301 3817 3948 4826 4959 5422 5540 5631 5753 1731 3877 3894 321
236 49 1234 1327 1754 1820 3219 4373 4700 4869 6677 2240 3074
237 441 1017 1857 2384 2516 2717 3142 3579 3603 3640 3777 4020 5295 7771 4035
238 404 609 752 1497 3571 3764 4358 4638 4892 5082 5190 5429 2422
239 334 843 3500 4031 4516 4984 5121 5129 5392 5454 5790 6945 1934 2986
240 239 939 1520 1563 2744 2776 3006 3676 3715 3767 3827 4199 4416 6301 7883 979
241 52 55 796 1011 1287 1410 1582 1827 1905 2047 2113 6922 9545
242 916 1032 2808 2972 4732 4919 5084 5161 5226 5250 5522 6130 9842
243 703 1890 2151 3483 4183 4662 4856 5260 5611 5946 9933
244 855 1524 1674 2220 2718 3343 4139 4492 4734 5144 7929 1979 5412
245 489 1063 1944 2753 3400 3899 4560 4779 5147 5243 116
246 1215 1654 1849 4608 5608 5739 5741 5749 5756 5781 6898 5715 6938
247 117 295 458 1565 2410 2412 3153 3192 3392 3454 4388 5584 6061 9404 3543
248 237 315 330 1441 2053 2224 2280 2359 3249 3547 4282 6067 6802 7997 412 2240
249 85 666 964 1226 1447 1699 1803 1998 2069 2591 5003 7053 450 5307
250 997 1270 2956 3441 5602 5686 5750 5754 5841 300 6692 979
251 74 279 880 901 1065 1370 2051 2360 2807 3242 3291 3313 3543 3696 4372 6705 569
252 1058 1506 2020 2143 2345 2499 2536 2649 3168 3347 3463 4627 5329 5339 9160 2986 7429
253 442 485 528 780 1848 2986 3112 3203 3648 3811 3874 4211 4597 4810 135
254 90 399 632 761 928 1526 2883 3266 3561 3604 3970 4456 5092 5164 6082 4958
255 798 1041 1420 1934 2658 3270 3346 3563 4513 4882 5203 5948 7120 4020
256 840 943 1137 1644 1725 2992 3127 3380 3399 3620 3702 3856 4697 5849 238
257 264 387 1163 1242 1952 2163 2203 2751 4822 4829 4898 5969 6029 7795 7949 2240 7883 3894
258 1612 1790 2690 2852 3229 3796 3839 3985 4215 4809 5351 5490 5553 3758
259 29 400 823 1273 1527 1879 1991 3315 3361 5286 5507 5785 6216 3103 6778 2986
260 1053 1330 2002 2489 2689 3046 3258 3632 3919 4022 5483 5896 6347 7153
261 765 2704 3737 4270 4400 4578 4620 4762 5149 5202 5380 5696 7167 2 2288
262 590 615 757 2340 2363 2474 2902 3940 4011 4267 4404 4472 7210 3232 7762
263 869 1079 1823 2221 2257 2945 2962 3034 3244 3671 3846 8396 7240 5962
264 1224 2189 4896 4943 5158 5366 5469 5481 5646 5658 5796 7355 2288
265 14 197 735 924 930 954 1399 1613 2323 2821 3426 4377
266 226 340 444 1121 2578 2927 3224 3304 3691 3945 4206 4736 5037 5238 8104 199 4035
267 32 141 1247 1496 3414 3714 4135 4216 4279 4793 5378 5494 5699 5998 9930 5762 2288 7762
268 406 546 710 730 1455 1530 1632 2012 2090 2287 3539 8293 2962
269 96 153 1244 1413 1462 1689 2039 2089 4909 6613 6044 7296
270 2968 4069 4085 4361 5070 5265 5487 5637 5657 5723 6538 3074 7949
271 192 515 599 1094 1339 1501 1742 1819 2966 3354 3582 3751 4988 7997
272 352 363 1923 2260 2856 3288 4097 4120 4197 4630 4935 5269 1557 8387
273 1710 3510 4298 5064 5096 5531 5667 5706 5760 5804 5806 5823 8134 8450 2240
274 831 2758 3491 3908 4265 4471 4733 4837 4864 5347 5889 9043
275 83 98 764 790 2427 2468 2559 3043 3558 3952 4727 9007
276 48 148 311 1103 1993 2358 3172 3335 4446 5019 5241 5324 5402 5555 5604 5836 5933 7413
277 645 686 1348 2105 2164 2450 2845 2981 3322 4288 5373 7630 6613
278 616 898 1027 1926 2041 2558 2703 3574 3748 3758 4209 5348 6790 79
279 644 763 1334 2627 2694 3953 3965 4807 5034 5317 1871
280 234 503 772 1614 1821 2024 2372 3023 3368 3879 4023 5671 259
281 169 219 991 1173 2267 3004 3757 4495 5042 5140 5181 5242 5352 5425 6306 7732 2555
282 2121 2759 3387 3711 3837 4071 4601 5060 5097 5125 5128 5664 6332 9107
283 5 159 610 748 912 1048 1358 1598 1804 2201 2346 3554 3852 3918 4295 6487 9836
284 1136 1809 1897 2191 2374 3470 4038 4163 4173 4254 4345 6465 7077 9573 3877
285 692 1248 2347 2593 2830 2918 3215 3331 3650 5786 9852 8284
286 2843 3643 5091 5470 5577 5711 5776 5782 1238
287 301 799 1051 1309 1388 1913 2355 2416 2786 2882 4619 7438 8062
288 1499 1542 1665 2031 2497 3855 4291 4574 4709 4815 5414 5449 5502 5772 9040 2
289 1916 2040 2795 3405 3624 4201 4258 4338 4877 5293 5441 79 8491
290 391 2238 3804 4124 4245 5021 5062 5404 5486 5767 7285 7413
291 437 667 821 2304 2389 2791 3104 3890 3962 4181 4703 6050 1534 3836 935 2555
292 578 1004 2127 2553 3058 5046 5303 5310 5369 5398 1524 8125
293 129 1352 1720 1841 4128 4531 4841 4944 5094 5179 5188 5251 5362 5530 6424 7575 8580 9007 5715
294 577 1095 2140 3450 3808 3941 3989 4342 5257 5478 5482 5700 5712 5740 5825 5964 7652 3012
295 368 369 421 1143 1891 2124 2131 2160 2917 3390 5546 6296 1256 7413
296 2192 2253 2399 2538 2579 3178 3708 4484 4848 4986 5050 5126 5448 5802 3012 2962
297 1620 1930 4106 4272 4391 5235 5563 5581 5587 5675 6469 3885 3936 745
298 1014 1249 1700 1965 2198 2793 2923 3248 3265 3840 3997 4150 9533
299 101 182 647 838 975 995 1668 2481 2526 2921 3085 3949 5211 1299
300 1423 1885 1902 1964 2210 2332 2617 2687 2942 4691 4962 6327 8994
301 971 1638 1688 1744 2153 2236 2989 3146 3406 4720 4866 6197 5775
302 1315 2284 2849 4212 4297 4955 5017 5075 5081 8883 6482 9968
303 549 974 1474 1670 2256 2557 2915 3312 3668 4719 5207 6949 7762 7699
304 13 543 847 1762 3710 3957 4032 4099 4158 4161 4974 5175 6070 8910 79
305 1929 2933 3253 3713 4458 5159 5208 5336 5535 8491 5880
306 194 1069 1380 1684 1949 2870 2880 3754 4329 5212 5645 420 5748 7699
307 165 172 707 1961 2486 2637 2810 2893 3389 3930 4243 4507 4543 321
308 18 20 63 131 202 681 862 1099 1653 1711 1714 2601 2970 3103 4286 719 7153
309 1105 1135 2671 2866 3642 4854 4868 4950 5011 5160 5726 6225 5340 1774 2
310 2319 2339 2401 2461 3070 3227 3572 3968 4132 4318 4442 4790 4855 9465 8125
311 695 1260 1336 1697 2552 2570 2829 2884 3319 3994 4448 4701 4845 5205 6149 7688 3074 9533 2
312 130 2788 3016 3231 4429 4718 4794 5044 5320 5534 5618 6014 6062 6547 321
313 463 663 728 895 1622 1761 2074 2079 2397 2787 2929 3444 3529 4051 4584 6184 3371 3894
314 30 53 617 1861 1940 2721 2837 2867 2925 3409 3526 3535 3669 3858 4293 6030 9215
315 2819 3284 4814 4910 5364 5606 5607 5622 5809 5911 2643
316 603 2094 2107 2173 2813 3859 3947 4637 4933 5861 7055 8487 7736 5962 5412
317 60 414 544 1321 2638 2725 2971 3018 4888
318 1364 1729 1863 1978 2168 2480 2639 2983 3359 3743 4017 4688 3012
319 156 220 310 376 742 1238 1637 1745 1858 1865 2315 2327 4081 4412 4742 4926 5170 5713 6011 6584 79
320 189 275 305 555 851 1425 1450 1465 1694 2344 2391 4034 7713 8671 3376
321 379 897 1220 2063 2407 2484 4309 4479 4695 5150 5234 5394 84 4824
322 979 1023 3200 3815 4453 5579 5669 5799 5840 5848 6022 935 2986
323 76 1378 1862 2101 2383 3308 3607 4503 4747 5111 5279 5355 5913 7932 2240
324 4590 5153 5511 5701 5729 5764 5792 5803 5805 8344 2555
325 137 217 248 1091 1289 1475 1779 2464 2528 4256 4352 4395 5258 8907 8134 1668
326 39 183 525 1513 2310 3094 4432 4510 4676 4751 4778 5981 6810 4765
327 77 105 1125 1253 1798 1815 2029 2675 2709 2754 2985 3230 3340 3519 4333 4884 5340 5917 8387 9244 8994
328 427 629 709 1859 2145 2771 2950 3057 3485 3864 3892 4753 6538 6978 951 1774
329 440 500 608 1753 1838 2195 2302 3041 3160 4783 5656 7068 5340
330 1365 2000 2978 3298 4696 4997 5314 5388 5432 5473 5479 5578 5834 2288 9270
331 170 662 908 1093 1483 1584 1655 1669 2155 2232 3003 3032 3238 9032 6938
332 255 358 1268 1523 2683 2975 3385 3443 3915 4335 5240 5758 6550 8174 5340
333 390 750 970 1206 1772 2439 2491 3527 3583 3902 4823 4924 5363 7545 7756
334 1284 2197 2211 3066 3156 3413 3455 3675 3699 3885 4207 5659 6509 3877 3830
335 91 516 559 1324 2338 2440 2594 2691 4616 5690 6437 8470 1134
336 419 751 1752 1832 1883 2833 3373 4438 4659 4788 5333 7057 6054 2
337 380 575 722 727 3177 3424 3791 3938 4057 4409 4667 6032 5437 1668
338 312 375 1073 1433 1701 1746 3294 3381 3408 7200 4531 2962
339 1148 1783 1903 2822 3138 3275 4142 4465 4475 4517 5112 5797 6285 6827 2414 2288
340 166 314 398 643 661 760 881 1086 1686 2247 2283 2330 2831 9224 9968
341 384 464 576 583 1717 1765 2027 2488 2616 4497 4575 4670 2962 1774
342 45 465 841 1092 1398 1567 1733 2482 2674 3532 5898 2182 6547
343 3555 4292 5018 5405 5514 5568 5670 5707 5888 6482 7198 7949
344 231 508 1131 1588 1716 2301 4545 4672 5623 6588 3758 7699
345 416 446 1811 2473 2951 3051 3317 3927 3934 4070 5300 5677 8920 4901 5715 7438
346 3189 3720 3873 4417 4605 4669 5131 5148 5371 5724 6829 6534 2240
347 665 1454 2991 3256 3746 3870 4506 4519 4552 4780 5431 5708 5996 1956 2340
348 81 430 951 1271 1351 1509 2242 2465 2834 3818 4105 4325 5566 6018 7652 1343 6938
349 3 303 511 1435 2114 2174 3344 3701 5325 5420 5427 7012 9443 9139
350 238 321 1395 2483 2618 2862 3397 3456 3780 4334 4398 4546 5098 5200 5582 5716 7180 3103 7652
351 224 393 868 1610 2881 3064 3794 4171 4577 4677 4712 4903 5737 5869 427
352 682 896 992 1009 2170 2325 2456 2500 2877 3087 3431 3559 5002 5572 6534 8812 9968 5715
353 109 712 3697 4613 4628 5176 5632 5684 5692 5694 5763 1670 321
354 254 392 756 878 1505 1925 1976 2120 2518 2757 3010 3730 3883 4269 4661 5163 9990 412 5715
355 977 2560 3537 3564 4249 4887 4976 4978 5255 5298 5942 6451 569 2264 7949
356 1451 1764 2669 3001 3083 3162 3274 3458 3509 3585 3798 4658 3012
357 1005 1022 1311 1349 2479 3191 3569 4227 4635 6696 3982
358 212 1141 3805 4263 4968 5213 5634 5642 5755 5770 6413 3894 4624
359 986 1219 2064 2269 2708 2839 3736 3832 4483 4646 5342 6321 6986 7732 2892
360 337 351 561 1113 1706 1901 2073 2209 2385 2767 4548 1784 6054
361 708 1549 2085 3876 3888 4576 4579 5059 5102 6643 2327
362 428 758 947 1231 2317 2351 2664 2728 3082 4104 6946 4340
363 467 1128 1145 1240 1718 2825 3979 4127 5035 5105 5381 5576 6385 7992 9731 3936 321
364 51 824 1373 3447 4145 4515 4533 4588 4724 4743 5277 6712 7252 979 8130
365 223 1028 1179 1778 1920 2172 2737 2823 3152 3155 3661 4045 6486 6772 4311
366 473 475 812 1443 1628 2095 3484 4415 4437 4585 4759 4764 5309 5434 5826 7481 8711 5326
367 537 1108 1294 3639 4153 5210 5808 6458 4199
368 324 1866 2333 2774 3037 3345 3404 5025 5452 5683 6028 6362
369 2254 2398 4004 4058 4607 4880 5718 5757 5769 5800 8248
370 1481 1884 2128 4162 4235 4260 4902 5028 5168 5375 5438 5496 527 9244
371 541 1881 2058 2875 3020 3704 4063 4604 4641 4860 4993 5067 5193 5484 5628 5680 5747 5858
372 287 640 736 768 797 810 1055 1297 1411 2149 2227 3111 5318 8841 3012
373 494 1243 2371 3367 4618 4836 4852 4874 5172 5196 5732 8439 79
374 1344 2084 2885 3148 3513 3593 4571 5327 5489 5633 5640 552 2555
375 506 815 1830 1956 2583 3206 4445 4523 4800 4812 5219 5862 6099 3982
376 345 438 521 1675 1846 2030 2749 2765 2907 2994 3196 3649 3659 3830 9007 6049
377 50 955 1272 1281 1726 2458 2820 3633 3663 4005 4307 4645 4705 5054 5270 6630 7575 7652
378 845 858 1792 4192 4694 5015 5071 5197 5666 6338 2340
379 1422 2369 2426 3425 4068 4418 4477 4817 4905 4953 5049 5142 5524 6460
380 518 674 743 762 1387 1889 2134 2469 3973 4190 4911 5349 5973 5715 2555
381 1755 1955 3520 3983 4302 4413 4489 4609 4827 4982 9461 7883 5715
382 931 3069 3533 4065 4331 4390 4441 4881 4991 5013 5541 6254 6470 3006 935
383 372 1010 1296 1910 2148 2679 2806 3860 4296 4340 4555 4675 5167 6178 6855 9086
384 1627 1677 1941 1990 2493 2733 2919 3028 3465 3577 3623 6528 9467 2013 79
385 187 660 755 1046 1161 1482 1570 1630 1673 1769 3602 5880
386 143 208 531 1277 1605 2270 2463 2566 2633 3170 3290 4095 5821 6778 4728 7699
387 28 1082 1164 3132 4872 5264 5365 5515 5586 5595 6123 9848 2121
388 1245 1579 2540 5574 5647 5778 5787 5791 5819 5916 221 2240
389 1592 1629 2524 2542 2844 3610 3654 3789 3887 4399 4403 6415 8406 2155
390 233 339 554 1384 1385 1445 1842 2115 2132 2239 2832 3469 7206 6101 79
391 833 1252 1517 1679 2794 2943 4152 4595 4754 5472 5687 6323 7880
392 933 1316 3296 3496 3575 3819 4000 4650 4885 5116 5865 8333 4855
393 739 1174 1494 1731 2715 4383 4572 5107 5114 5124 5177 6428 7254 2
394 43 132 1185 1636 2452 2487 2543 3514 3541 3803 3806 4041 5815 9607
395 702 817 948 1981 2271 3656 3893 4332 4522 4692 4791 5137 6269 6986 3894
396 198 2009 2080 2447 3293 3394 3551 4154 4234 4474 4965 7023 9842
397 522 1050 1376 2109 2606 2620 3134 3287 3327 3468 3657 4054 6545 6021
398 580 673 919 963 1460 3285 3674 3816 4602 4757 5350 5457 6404
399 745 1805 3592 3597 4434 5057 5225 5665 5727 5779 5876 2643
400 61 161 418 474 1177 1557 1719 1983 2874 2954 3159 3423 3875 4033 4527 7049 1750 1979
401 1652 2050 2995 3164 3645 3719 3759 4257 4538 5902 8169
402 4 659 998 2408 2580 2719 2746 3201 6473 9265 4199 2121
403 553 631 911 925 1967 2366 3025 3267 3434 4220 4322 4411 5090 5446 7413 7429 2904 6938 8406
404 290 2097 3462 3783 4111 4406 4498 4755 4917 5233 5857 6261 732 2240 3521
405 181 276 452 683 918 1436 1519 1957 1959 2433 2434 2799 3079 3093 4377 5762 79
406 1233 2988 3126 3375 3822 4026 4758 4761 4846 5341 6613
407 737 936 1449 1695 1707 2554 2854 3422 3922 4021 4047 4108 4133 4218 5358 7026 9199 8812 321
408 1774 2996 3562 3670 4713 4876 4940 5055 5223 5290 5569 6139 1763
409 23 273 338 488 892 910 1194 1275 1360 1853 3337 9533 395
410 513 870 1256 1514 2146 2924 3556 4062 5079 5122 5311 5641 6196 6503 4340 352
411 271 922 1484 1834 2509 2724 2872 3297 3364 3797 4001 4091 5565 5887 369 6258
412 830 909 2864 2952 3895 4115 4435 4439 4671 5500 6445
413 206 1159 1833 1939 1979 2194 2265 2667 2762 2777 3071 3183 3235 3871 4308 7968 2962
414 110 227 1305 1589 1856 2066 2589 2673 2729 3009 3099 3106 3202 3544 4134 4508 4591 4698 6024 9013 9968
415 361 1202 1541 1650 1680 1880 2748 2779 3225 4805 9219 7949 8125
416 568 852 1992 2575 3324 3690 3982 5065 5093 5186 8092 7652
417 124 167 783 2901 4159 4987 5157 5178 5271 5332 5600 6836 935
418 108 1026 1424 1715 1732 1749 2038 2742 2750 3187 3419 4389 1710 2240
419 205 235 246 1840 1845 2335 2914 3333 3531 4013 4324 4565 4707 4741 6021
420 371 620 714 1419 1878 2177 2590 3682 4380 4480 5416 6549 476 7153
421 637 1072 1118 1318 1508 1540 1595 1773 1851 1948 2099 3427 3474 4893 5899 8140 3982 3894
422 378 594 680 905 1382 2268 2888 3286 3586 5962
423 746 1061 1288 1538 1645 1768 3096 3100 3742 4430 4760 4928 6153 6454 7333 9244 3111 9007
424 47 242 457 2175 2233 3644 3821 4248 4351 4469 5029 5583
425 313 347 649 652 1532 1647 2403 2462 2546 2549 2655 2723 3133 1105 5880 2240
426 42 449 551 593 3095 3239 3466 3991 4920 4942 9138 3584 1117 321
427 243 571 1034 2056 2294 2666 2878 3379 4462 4767 4992 5040 5259 6554 9669
428 776 1292 1381 1510 1536 3151 3398 3550 3614 3616 3769 3923 4379 6737 7438
429 860 2255 2949 3784 4036 4642 4683 4772 4913 4927 5074 5307 6141 6280 6292 79 7153 2962
430 33 1947 4689 5152 5312 5447 5570 5588 5598 5307 8644 5762
431 67 370 953 1412 2308 2846 3086 3865 4467 5036 5162 5367 6650 1105 1668
432 65 720 1743 2350 3214 3295 3773 3975 4586 4592 8491 443
433 1013 2161 2730 2899 3107 3793 4009 4039 4428 4553 9139 1042 2121
434 422 456 2702 3307 3703 4420 4668 4711 5100 5184 5291 5870 7880 8005
435 35 725 849 1025 1361 1937 2274 4178 4530 4615 4906 4932 4960 7569 9244
436 155 932 1030 1130 1222 1794 2181 2336 2701 3119 3638 3706 3823 5206 6250 9453
437 21 190 288 524 690 1117 1369 1426 2368 4634 5026 5130 5908 6101 5219
438 38 1171 2532 2783 3473 4044 4749 4914 5127 5615 5661 5793 3894 3074
439 482 1147 1518 2082 2100 2490 3863 4073 4512 4612 4730 5104 6100 6611 8599 5445
440 691 1690 1942 2043 2252 2409 2887 2895 2969 2984 3088 3154 3169 3900 5654 139 2327
441 592 1008 1182 2395 3707 3845 4360 4466 4897 5154 7790 9007 2962
442 874 2920 3570 3959 4088 4123 5345 5389 5516 5743 7742 7709
443 527 2337 2812 3417 3636 3813 3886 4580 5139 5523 5525 5620 6731 447 9199 6938
444 36 261 471 646 670 978 1571 1786 2154 2879 2906 2911 3792 5387 5894 8896 4199
445 142 636 827 957 1432 1876 2135 2800 5752 6770 8431 427 2240
446 535 675 1323 1898 2108 2225 2445 2727 2801 3076 3635 3753 4271 4463 4529 1121 5848
447 218 792 902 987 2060 2957 3680 3939 4365 4528 4535 4587 4863 5668 6771 4314
448 759 779 1882 2003 2861 3250 3683 3825 4137 4149 4341 4785 1343 79
449 112 191 1107 1855 1994 2258 2824 3495 4010 4299 4912 5132 6610 6967 9842
450 865 1167 1466 1958 2083 2541 2939 3182 3193 3596 4238 3077
451 267 332 597 679 723 1389 1489 1543 1572 1681 1874 2513 2769 3508 3914 8716 8848 9075
452 343 360 566 1310 1340 1621 1797 2102 2435 2624 3078 3236 4660 8832 7438 447
453 1573 1609 1618 2438 2947 3031 3065 3140 3264 3684 3728 4294 4567 8145 5458 1534 2240
454 201 251 320 331 733 1264 1602 1888 4300 4376 5891 183 79
455 1852 2478 3117 4247 5043 5236 5256 5263 5512 5619 5730 5923 8722 1353 9007
456 816 1285 1421 1758 1946 2449 2828 3318 3460 4374 4491 4664 9903
457 10 844 1077 2180 3243 3412 4184 4725 4738 4833 6046 6401
458 1176 1525 1735 2111 2817 3052 3752 4353 4556 4870 5069 5166 5229 5437 5475 6074
459 1007 1326 1806 2158 2262 2379 3123 4040 4172 4382 5474 5660 5997 6281 8387 1216
460 8 1066 1651 1962 2905 3772 5008 5136 5353 5377 6214 6467 8150 7883
461 266 424 1512 2585 3292 3694 3999 4600 4706 5992 6369 3316 2327
462 641 856 1416 2561 2569 3221 3311 3363 3415 3560 6134 9533 2962
463 523 982 1029 1251 1459 1646 1915 2599 3976 4193 4773 8325 5507
464 972 1657 2202 2619 2967 3786 4141 5174 5276 5717 7949 5962
465 111 150 245 595 715 1269 1325 1434 1825 1969 2773 2979 6675 6692 8671 2
466 2222 2313 2448 3007 3150 3848 4169 4262 4339 4643 6400 1134
467 453 556 601 770 1037 1578 2459 2565 3255 3446 3722 3912 7519 1238 2666 745
468 121 349 884 1237 1301 2928 3234 3781 4381 5254 5444 5513 7280 8644 200 8005
469 323 1036 1662 2129 3280 3310 4055 4143 4739 4766 4938 5922 1774 6458 2
470 1337 2137 2328 2632 3090 3709 4252 4455 4557 4685 4771 5292 8794 399 925 5962 1668
471 126 1151 3211 4652 4657 4729 4768 4769 5033 5185 5954 3753 9244
472 328 388 550 942 1555 1709 2048 2331 2378 2711 3507 4879 148
473 152 293 395 436 832 937 952 1104 1257 1569 1704 3245 3330 4433 5962 6785 753 9129 321
474 31 1181 1521 1997 2035 2273 2292 2296 2466 2692 4505 4714 5638 8431
475 149 163 195 512 638 915 1747 2778 2890 3499 3810 4369 5359 5904 7511 1979 2986
476 648 825 1020 1342 1391 1995 2117 2498 4386 4464 4644 4798 5492 8130 8512 2121 5962
477 123 232 961 1239 1328 2545 2661 3621 3655 4348 4436 4493 4999 6063
478 1200 1516 2382 2720 3273 3591 4222 4775 4946 5022 9003 6538
479 405 775 956 1132 2021 2248 3190 3377 3734 4240 5039 5051 427
480 532 784 1124 1480 2376 2441 3056 3260 3630 3765 4640 4894 5045 5189 6672 352 2240
481 230 677 711 805 1490 2356 2406 2685 2850 3125 4314 4728 5397 7987 3836
482 829 1158 1936 2322 2651 4166 4323 4485 4918 5676 5795 780
483 944 967 1189 2512 2847 3141 3251 3358 3974 4200 4839 5418 6404 7806 4352 3012
484 639 657 789 1019 1180 2873 3147 3149 3452 4900 5209 5710 5827 9301 4985
485 179 481 694 1293 1736 1802 2144 2156 2303 2790 2977 4801 5768 3074 8130
486 588 687 813 1078 1280 1314 1537 1807 2936 4563 4970 6305 5748
487 262 461 1217 1522 2235 4024 4067 4343 4504 4774 4925 4929 5868 1625 5248 7652
488 274 433 450 514 1062 1427 1685 2282 3352 3967 5031 7204 7919 8491 79
489 526 563 731 753 934 1241 1935 2596 2802 4064 4148 4393 4850 5462 1752 9075 79
490 1214 1377 2798 3081 3121 4454 4969 5253 5319 5544 5596 5681 6082
491 44 285 1120 1354 2001 3059 3388 3658 4951 5165 5281 5288 6324 8043 7153 321
492 175 744 1639 3517 3587 4030 4425 4582 5982 7219 7320 5507 7762
493 56 1236 1817 1982 2136 2608 2747 3955 4722 4752 4782 5218 5415 7434 3877 321
494 325 1306 1945 3005 3042 3246 3395 3601 3788 4012 4198 4499 4606 4639 7782 8105 4527 6938 321
495 46 256 676 701 893 1033 1561 1750 2811 2909 3306 3740 3795 5880 5993 6226 7193 7791 3074
496 68 596 1139 1366 1464 1500 1504 1616 2093 2381 2563 2614 6613
497 329 1155 1457 2660 3350 3402 3471 3987 4114 4421 8345 7120
498 1209 1624 1938 3013 3336 4281 4310 4663 4843 5109 5321 5370 5372 5538 6170 2240
499 104 319 671 867 968 1000 1129 1402 2017 2321 2602 3328 3834 6875 935 8644
