500
0 9125 2277 4718 2610 5715 4532 5974 376 6938 7228 4383
1 3936 3937 2015 969 9323 844 7482 6318 468 3770 2203 2655
2 6656 3521 6371 2437 5574 4008 2842 2123 9485 3418 6861 719 6331 9453 6899 2962 6712 4090 699
3 2560 3554 4100 5317 490 1098 3596 8780 7179 2607 2192 4402 9075 979 6613 5048 1467 6653
4 896 5122 1668 8460 8717 8209 7185 7575 287 1319 4776 1962 9903 3001 1339 3005 5950 3394 9543 199 5962 9301 8151 1498 4314 8176
5 4933 4838 3207 5067 6156 79 5268 8660 8413 2813 3838 2911
6 6848 7076 4004 3012 4681 6411 7531 5716 117 7285 5847 4893
7 2785 321 4419 2179 6598 7915 4887 7121 3027 2967 8987
8 8987 2401 2240 5155 3812 321 1450 8586 780 9997 7980 3535 5393 5458 8498 5748 1590 7193 6011 4253 8895
9 1830 8999 8746 1743 336 2129 6449 7762 7000 4121 3643 7709
10 2147 1316 6718 1963 2603 4974 4498 6746 3894 4824 2778 7611 2973 1694
11 8865 6054 7367 8648 8237 7762 9619 1332 3316 2614 6551 5624 2780
12 1888 4332 7663 9618 5011 9172 5362 982 5559 1914 2327 285
13 6656 9569 8453 9192 4314 3051 4855 2638 8722 5907 4500 5301 6452 5045 728 5111 3380 6299
14 3046 2059 9358 3599 8624 3150 5170 8212 1525 2264 3833 8027
15 2240 3041 2819 6468 7237 871 5099 5869 3982 563 5207 7000 151 3518
16 6691 3208 1769 8681 9805 5678 8464 5840 6770 660 7000 2745 7451 4028 3966
17 8132 9483 8141 5904 4721 2835 5075 6197 3830 5943 8090 9788
18 416 9090 8455 4968 3341 367 6066 2067 5939 8569 5980
19 1978 8355 5445 8683 9871 4602 1235 4594 2962 950 3543 1402 7740 3453 1502 63
20 2402 8418 2404 8042 3471 6451 7030 6778 4440 4761 6362 4862
21 6306 7683 9572 9115 9449 2092 1233 978 6739 5047 312 1019 3836
22 259 3076 6441 9194 6190 4463 5968 8338 6482 949 2646 4187 5340 3549 5630
23 6337 3524 935 3625 9545 5962 9932 1102 1711 3537 5553 2931 9717 4054 2391 7261
24 992 961 6945 8994 3340 3597 1039 4176 6992 4818 5427 6482 7055 6551 3419
25 7137 6371 1353 8939 7659 6231 9303 3385 7322 9244 2845 8543
26 9025 2722 2245 1083 426 6635 140 6700 8143 8592 3995
27 5161 5962 8846 7439 7248 8274 2964 3860 8502 1111 9013 5239 5335
28 3104 7073 4449 2589 3721 5708 9133 718 3854 3152 1777 9615 6675 7153 3758 3388 8605
29 6881 6913 2787 8836 4377 268 5307 6063 79 9968 9459 7540 9526 8057 1531 5022
30 2 7787 7628 5932 6331 847 7791 8018 853 4758 6421 4315 5852
31 455 6826 8523 6668 9066 3982 4592 3410 6742 2555 6270 3451 9566
32 1120 2465 3586 8135 3656 4314 170 9611 5166 756 7062 4920 6522 1629 4222
33 961 9826 9924 9094 8134 971 123 780 7344 2865 6612 2555 2970 2047 6460 8030 7263
34 835 9924 3044 6151 5611 6861 3055 7730 2900 6134 8762 6655
35 9312 8392 1737 8552 6443 7276 6442 6414 1200 4465 2962 7060 6584 6810 9659 9758
36 2817 6532 3620 9703 4809 7755 8335 1680 2129 1010 2962 8021 4630 186 254 3167
37 7744 8769 1984 6116 7269 7272 5961 4202 335 1039 502 6584 731 2590
38 1536 5504 6467 580 4837 5743 8208 8655 4018 6834 6675 3830 600 2264 1407
39 2240 7575 6502 3015 7498 3946 9132 4140 4462 2671 9072 1036 8439 9785 2879
40 4993 3493 6086 4585 1871 657 9938 2996 3092 7732 8248 4537 4666 8091 5022
41 7907 8005 9926 8775 6352 115 4565 1718 501 6552 221 7285 1564 2973 8990
42 4224 5416 7720 842 1611 3022 3311 4306 5426 52 8469 1942 9301 8861 1343
43 7552 7072 7709 9923 321 3301 9862 4553 6412 6829 7949 5519 5880 1201 6258 4855 9848 8349
44 3329 3745 2724 3561 4937 1164 6188 494 6351 76 625 9874 979 8052 2933 6646 5145 571 5534
45 3320 641 2 9859 9604 6025 5291 7885 4429 5359 306 6899 8722 1845 5592 6617 5340 4541
46 5762 391 5773 6544 1085 1556 6933 918 3670 1976 8475 6109
47 9920 9792 2525 611 7845 1256 3150 7055 565 5210 1725
48 1696 833 8610 8259 3044 1093 2054 8994 3657 9129 2701 2512 4051 3227 9340
49 2240 4546 2621 6020 9317 7142 9063 7143 4102 1289 8387 7790 925 720 8689 1560 571 28 7389 9311 2335
50 321 2722 2243 8004 643 4230 259 4134 329 7333 5860 2991 5880 2033 372 6101 2744 4380 9023
51 2464 3171 2693 6827 172 7597 2575 6287 5169 79 3637 2330 6367
52 8930 4866 7138 1986 8130 1192 366 6702 686 1521 2962 3347 469 6070 1116 1693 8222
53 704 5921 4290 3909 3398 3877 2219 6610 5592 9433 4538 2203 5948 5535
54 1410 741 3557 1801 2284 205 9230 9007 8464 754 3192
55 3523 6918 6311 1416 2217 4684 4045 2672 2288 915 5592 9468
56 8291 1668 623 16 5425 8657 951 1525 3927 4667 9533
57 4644 3626 8459 6347 2509 815 2288 209 148 8183 1496 4218 9725
58 1666 7299 1219 4197 7496 4168 1937 3156 6614 2105 7482 8635 7677 4798
59 7968 7236 8005 4487 219 9007 5969 7699 4758 823 121 4699 9019 1663
60 7779 3492 8549 7397 9030 2376 4027 1038 7216 6865 4086 5371
61 2979 8837 3526 6764 6095 9840 2128 5775 6579 2962 3350 8728 3673 6426 412 2941
62 8128 6593 6242 1665 2240 9478 9162 9803 5547 5902 79 560 8144 2942 7286 759 5212 6046
63 9216 5538 472 3784 5257 8298 79 8434 3123 8789 1973 4728 3579 8828 5341
64 6913 6561 2791 6505 9933 7344 9556 21 3254 2903 5848 8249 4218
65 4579 2213 9127 8520 935 2666 9931 3691 6547 6516 5557 1239 5308 4607
66 1 9122 1222 3146 3736 3188 1973 1467 2555 4920 2747 5631
67 544 1474 3465 5170 4947 4564 7762 2583 5114 8158
68 5825 6534 5738 3594 1164 1682 7125 1078 9527 4310 438 3643 7582
69 1792 417 6148 2662 2280 4648 8170 6282 9292 5099 7949 3153 6547 2614 9592 1978
70 7713 8994 6052 9387 2699 3100 7947 4909 4304 8467 922 7228 3741
71 8480 7234 8291 6695 3977 1577 5899 5228 8652 8045 7049 9680 9968 435 183 9887
72 2784 5728 5794 7652 8263 9129 619 7800 792 7123 3125 7768 1497 2235 6907
73 2272 9472 673 2114 8260 7431 5800 3944 3533 7762 7699 5718 2326 3516 3644
74 6273 6247 5355 8973 173 976 2192 6290 7187 1141 8982 6363 6364
75 865 987 9052 2630 8969 9707 7196 4974 9264 1616 7120 6067 6491 2044 958
76 3543 6211 4292 5573 5224 2735 625 403 9492 7191 7734 7702 1757 7806 2239
77 7488 3553 4290 1573 9450 3275 908 7283 6963 3061 6613 1399 6938 9374
78 7296 9153 6818 4611 8040 2986 4850 4087 8473 9181 9438 8703
79 2561 4166 9962 9244 9871 8720 6611 4982 3896 4569 2168 8989
80 1345 8897 9414 9640 3370 4490 5676 1712 3376 8786 1299 3156 4531 6646 955 9244
81 2240 9633 2977 4027 6982 935 5679 9745 4721 1688 378 5595 4093 4991
82 323 5700 8643 9669 2790 109 9391 5071 5780 9461 8215 5945 1403 1276
83 673 8772 324 8473 1322 1579 7629 8817 8468 8949 3573 5560 3897
84 321 3362 6691 3749 3590 3399 8134 4734 8618 3597 1838 3471 3119 8145 8278 8958
85 3175 1449 2441 7403 2569 1517 9521 5467 7732 8791 2744 987 2391
86 9152 4929 2370 5539 3543 2240 3274 4505 5868 6734 7351 6201 7262 4735
87 6240 8006 2215 2622 3720 8798 5307 6319 7155 8728 6937 4923 6044 8029 6494
88 8353 5862 2121 906 428 524 4846 7087 496 2288 1683 5556 5044 8021 2486 4505 4959
89 7744 2497 2 8994 2468 8164 6054 966 9676 5391 9235 1940 2777 3133
90 4161 5892 9444 5926 8710 8936 8644 4842 427 5548 2157 4818 797 1150
91 6720 3841 8354 8599 4168 9704 8810 810 8043 5102 9040 116 7413 7255 2461
92 6884 8260 838 5608 4073 8267 3919 6896 1175 7032 1529 1690
93 8771 5412 4967 5256 7240 5516 2702 5391 9399 7608 5433 2395
94 2487 2018 7652 774 9737 2192 6035 8373 8790 2423 7577 9628 4861 7902
95 2593 2475 1069 4782 2687 1453 5326 7668 4026 542 5727
96 2723 2788 3877 1896 1513 48 8817 7799 5948 9246 9023
97 1792 1698 4644 5030 1127 9295 9199 9782 9270 2939 9244 4445 7775
98 2240 4867 5317 3210 1964 9646 7887 4463 8305 2674 9330 9711 8597 3095 5885 1534
99 6339 9385 2155 9710 6320 4209 1617 6003 4177 9139 6613 8346 4859 670 3807
100 9953 6914 6657 9545 1034 1131 7118 5135 7344 7220 7992 4539
101 5442 7684 5766 7880 1801 5962 5517 270 2322 7955 9301 2902 3447 120 8281 7447 8989
102 4996 4580 7290 6686 7591 5479 745 2121 3877 5902 656 6448 4279 8090 4923 62
103 5730 7234 5957 101 7495 3877 1481 4779 8491 7789 5871 3573 6679 8383
104 2915 3845 871 232 2857 9898 6543 3376 9043 3738 2998 247 760 3705 3514 3547 4407
105 3330 3842 7429 2696 4493 4126 5280 9129 9007 7228 3648 8770 2628 1865 7116 9040 6608 6101 6613 8797 3936 8170 7285 760 1145 5884
106 6208 4100 7111 9641 843 6220 6258 148 1303 5499 828 7966
107 2528 8225 386 995 9408 7586 7852 1517 9201 7762
108 9856 321 4542 6534 9224 7721 3084 1327 8753 9876 9977 7252 9271 8212 3353 6875 30 5407
109 4448 2647 9098 2252 7054 9007 721 5715 8118 790 7864 7513 3931 4061
110 964 7560 7241 8714 3144 9584 6193 2586 1686 9111 3894 1049 5754 7355 3004 1759
111 5953 610 804 5156 7047 7531 1515 8300 3790 5327 8911 1871 9842 7091 9109 8634 8927
112 6560 8577 8002 4352 9316 132 5220 7013 2121 7213 79 9968 3217 9522 9007 5748 5749 6619 6523
113 4928 3044 1477 8518 2663 7240 1611 9675 4875 4814 8080 6192 9722 5339 1439
114 2 9955 5507 860 2152 2121 8234 653 3182 4558 8560 9372 5053 6324 5494 7833 6748 3037 3454
115 5857 1412 1444 7814 6903 6062 3534 2396 6489 8762 5691 3036 7487
116 1639 2616 4366 8527 1134 8689 8914 6613 9335 6200 3385 8223
117 8481 6338 2979 583 8424 935 5386 2730 8493 847 5295 4527 8786 2003 468 7734 1336 6554 5115 1982
118 768 8669 2 8452 8647 4553 5868 4093 500 1053
119 3936 7713 8547 1604 7749 4452 9315 7845 1571 4048 7699 8756 9082 6750 8479
120 6979 7621 3909 7557 9353 489 5738 4625 5138 8372 1364 9688 7641 5179 1340
121 7783 4304 6609 3570 8819 7059 5685 8277 2422 5245
122 9153 8194 1349 9578 1868 1773 4050 213 472 569 8154
123 5154 66 5508 740 9254 4966 5867 8749 5933 304 6865 4311 6879
124 352 7170 7652 2598 9758 6750 3914 1581 8943 4112 8113 2160 1301 1271 6457 2875 4444 9533 9438
125 4480 7233 3012 3333 4298 5548 7629 7246 79 9172 5404 8861 3167
126 5762 1571 3524 8716 4880 7923 4221 7127 4888 6327 5755 605 7358 9695
127 4961 2785 4580 5157 2342 4007 2727 1668 4170 8267 5097 6831 5744 979 4247 9273
128 8546 2 5319 7591 935 7562 3666 8402 9941 2713 8444 2910
129 2145 7490 8195 2 5000 4340 6231 344 4538 27 1757 3262
130 4866 8389 9415 5515 3149 2895 8016 8626 8786 5458 2302 511
131 5126 7 3336 1299 5654 5531 8994 5155 4260 8362 5804 3510 8887 7480 1348 5831 8903 6601 1496 8423 6382 8055
132 5248 8769 5185 7652 2023 3112 6221 4238 9102 4272 8973 5298 3543
133 8994 8804 9605 7463 5704 3050 2765 4432 3249 1105 5715 5398 6009 926 7487
134 2918 6150 3881 9738 3982 5647 3023 1203 755 6389 1466 8668 6301
135 2 5603 389 7880 4457 364 2892 1359 9169 786 6771 9906 8476 6229 5468 6623
136 1569 9890 6377 2986 6732 8045 9197 911 2420 7732 9209 218 9534
137 9857 2308 4039 5127 1642 5456 2706 338 3027 6771 9842 9912 7933 3998
138 9280 1153 9954 7296 4933 7144 5386 4107 3227 4749 1773 6863 529 1749 8982 379 7197
139 7235 1157 3974 873 2288 7249 8242 7315 6141 5109 3292 6781 5343
140 8352 4900 4327 2408 4297 4587 3691 5880 1043 9620 2840 2329
141 4644 7429 9478 8744 5353 3018 8092 2121 2896 5553 8984 6680 1625 4572 3709
142 7713 7174 9161 6829 5208 2703 4176 6770 6776 3257 4731
143 673 8387 197 6917 1895 425 9322 6030 3796 1908 3318 9751 7961 8157
144 835 198 4935 7337 8172 8920 2288 5522 2197 3189 7927 3190 3894 3388
145 8801 1954 8678 1383 436 1942 4311 6488 924 7708 8383
146 1281 7162 9636 2983 8172 4366 1007 6938 3730 2962 569 4122 9403 5439
147 128 5219 8420 8041 5897 5387 5322 333 5588 757 9302 9942 3349 1147
148 3712 2 3683 2531 4804 3074 745 4971 7181 2030 3023 2096 3662 4975 6899 6516 7153 601 1276 2718
149 8224 7105 2494 1125 2439 13 9422 766 6003 7828 1432 4091 6270 7743
150 3685 6266 8652 8270 9902 5339 5715 4408 9401 7322 4443
151 2785 9475 6020 2472 648 2537 9036 142 8916 1047 7903
152 1120 97 3936 6692 7429 3206 5705 4592 3056 6258 3543 4376 2265 5117 2879
153 4769 3783 3401 8425 7885 1402 2191 2741 5754 8951 4341 2938 3291 5852
154 7267 3306 4426 8683 4855 3997 9774 592 7153 5309 347 2140 4189
155 8773 3338 2222 7086 8240 6831 7759 1299 6804 2300 4501 2962 9500 5855
156 4032 4867 5382 3373 8815 979 4377 4988 1565 3262 8063
157 5952 5121 482 518 3751 8040 7050 9196 2958 2574 6961 6899 6267 763
158 322 2308 5509 9765 3012 3951 8431 8785 7153 3702 6936 5210 5151
159 8772 7654 2182 8236 3565 7757 2256 2897 3954 1043 8342 5654 984 6938 7291
160 5504 9413 2533 2950 1708 5676 6840 7314 6258 6260 2197 182 9270 8568 4031
161 8967 1417 267 4622 2962 6547 3865 8483 4777 5292 7343 9545 8406 7652 2160 6385 7922 3700 2936 9467 1789 2559
162 33 98 1122 9026 1638 4168 2570 139 3949 4429 8751 4720 7313 8338 4367 3981 2294 1501
163 8064 8736 2240 3310 4144 8241 530 7153 2943 29 286 543
164 9280 420 486 3782 4199 1450 492 8720 6545 9013 888 1853
165 7712 3581 6503 2781 4071 9674 427 3820 4941 3144 7346 1522 9333 8567 9144 2426 6269
166 6816 8035 4581 6184 8267 624 2034 1107 7351 8762 3710
167 5601 2084 7909 6828 2572 8526 3122 5715 6488 953
168 641 5412 9833 3082 7242 140 1071 9456 5905 2480 9723 6458 4731 9053
169 4292 2695 9224 4586 139 5803 8943 7567 4784 9075 6676 2643 3702 1113 765 7967
170 353 3746 6920 8366 9968 5905 6834 3667 4085 3637 5339 4925 3391
171 8866 7559 2826 9741 3891 9301 8186 2844 191
172 5762 1220 4229 8457 4394 3789 4751 4819 4087 7899 348 2846
173 5860 773 1703 3703 8363 7949 1230 79 8498 5683 7701 9014 2551 7642 5054
174 5794 7043 3396 7207 2152 8043 2925 6836 5399 1592 4857 6459 5756 7677
175 9379 5380 9402 9898 8299 1582 3567 9491 660 437 6074 6079
176 321 9762 1669 4709 1191 9384 7753 3562 9383 7405 9523 8918 6104 4954 1307
177 3041 7048 7849 4618 9545 6068 3349 7193 3931 1723 2366 6015
178 4193 1 4677 5254 4296 5226 9964 6542 1106 5970 2739 7474 7961 8191
179 2724 1508 7364 2666 5963 7440 3378 7762 1588 5715 8502 3994 1052
180 7968 706 9700 9829 1083 650 299 8881 8507 979 9686 4726 7992 3961 1146 667 7484 574
181 5664 8416 2978 5892 8997 5598 9833 8297 8268 1134 5747 3125 3158 734
182 5412 6278 3017 7593 201 9132 3982 1457 9139 6388 6773 310 1943 2555 7836 8764
183 3106 9446 4486 7816 6381 3245 7633 1202 6133 4533 1977
184 5634 4805 2437 4314 7754 5779 3540 2549 6134 4567 5176 2425 3894 8350 7804 9301 8766
185 3714 4985 7947 812 2744 7983 3928 3317 9336 2553 1663
186 5601 5410 3074 3012 3720 5609 6218 9848 493 4685 4081 9459 6131 5492 2904 6269 6718
187 1537 6882 5827 2952 427 6764 7311 9842 9207 5656 1340
188 8572 321 6019 1510 8743 9704 8169 5999 8176 2868 7797 4821 55 1912 4729 4216 8990
189 3872 3836 7623 7784 4091 5391 79 1233 7091 5461 9691 7676 9598
190 9379 4260 3269 3203 8744 8618 7743 7342 3729 113 799 9758 7327
191 96 8416 6434 8966 1447 6120 5350 1898 3403 8134 7864 8342 9528 3804 4575
192 3392 9313 2114 2 7685 4038 8746 1837 7120 3601 7026 9587 1691
193 321 7714 2759 520 1676 3985 884 757 4725 726 3163 6428
194 1728 5729 6692 4650 8874 3052 8140 8622 782 3440 5137 5715 6549 2838 9438
195 3936 6913 5188 1305 1534 2986 8203 3405 5422 9293 5261 9233 2962 5268 4054 7510 1881 220 6014
196 1342 353 3266 9440 321 2630 2730 7278 6865 7218 7762 5084 2430 9887
197 832 6433 1348 6920 7049 4909 5869 9935 8125 3857 2258 9244 7453 2687
198 1989 8357 1638 6538 2124 7213 4908 340 7675 5914 4987 8444
199 7880 2381 109 7246 2897 3890 753 8247 4920 9402
200 1239 9351 935 427 908 5196 6382 7633 3382 4727 1946 5244
201 9217 4873 715 5388 2124 9487 111 2353 1361 6672 4532 6258 7672 6170 702
202 8640 4900 1700 5926 4614 6919 7204 6384 4496 2674 6334 5278
203 2785 1123 2279 6826 3085 9453 3540 536 7514 5439
204 608 4800 1189 3114 7311 8016 7088 6227 3316 7318 6071 1117 7198
205 8964 4901 7019 2860 2125 9074 8850 9076 8308 1077 3731 1400 1631
206 2721 2116 2565 1668 6825 9674 6575 1487 3313 9199 3668 831 7575 9337 3963 6558 5887
207 2787 2822 2794 6830 1454 4593 4433 9112 7606 6679 7288 827
208 6210 451 866 3671 3239 8431 5905 2673 8723 5843 8149 7543 8315
209 7650 7074 2887 9095 6318 7314 9075 5462 9014 2553 7741 287
210 1668 4743 5195 6382 335 3759 1774 9139 8918 4822 6425 9083 6590
211 6533 1916 5194 8781 6541 8301 6800 2417 9747 3061 3895 9340 2781 4286
212 5185 9570 4963 7683 5178 5702 6532 8423 4266 8429 910 3632 9266 4728 2394 2844
213 3841 2273 5637 3531 4013 8239 9328 6675 3413 8918 3222 1692 7709
214 3204 2598 9223 4936 2697 6986 9867 5934 9007 3216 3184 8247 3835 4253 5631
215 416 8770 8330 8619 6986 7469 877 5643 427 501 2007 7290 4667
216 8580 3493 6601 6623 5385 4780 844 7179 7215 9041 4433 9686 2806 2616 4191
217 1442 5412 7014 3206 9388 9997 79 8434 5395 1111 1979 9565 8542
218 8542 421 550 4901 9129 9034 493 3602 7155 1396 2643 7254 9842 8440 5307 6878 5055
219 352 8294 510 8296 9194 5963 5995 5293 7883 4015 592 7949 1682 1746 1182
220 5762 9283 8899 9188 1321 9546 1771 6712 5232 369 9395 2035 2326 7192 8284
221 8996 1337 4199 3531 6379 14 9968 2550 2649 6938 9851 4477 3135
222 9472 8711 2248 427 7949 2030 2127 4720 144 8434 5590 8507 5532
223 3297 2340 2278 8178 4050 403 3348 4594 2647 1336 505
224 3584 7393 6626 6465 7396 1893 5549 7280 5073 5301 9237 2421 6613 4985 379
225 5537 6369 3521 1668 9593 1098 7786 2830 1230 9236 9908 214 1078 5589 9529
226 7296 5090 5156 4613 5893 77 5816 9181 6993 5880 9968 413 3767 4312 317 5342 5119
227 1505 2242 8740 9989 7878 2983 9676 4173 3629 3151 3958 1366 5336 2555 3227
228 833 323 4646 4102 3784 6890 4206 9784 5307 4542 6463
229 7040 8994 7938 7940 6698 3373 6414 6030 8817 8052 1909 3894 6903 1276 7837
230 5376 4225 6530 1859 6021 5734 1670 765 7914 8590 8432 2962 6547 895 5085 3999
231 4736 2240 2019 932 9348 400 7377 5682 7120 9398 7319 952 2779 4764 7613
232 6464 5857 8574 2915 3544 4039 5034 3083 6827 7794 6014 7512 4638
233 7234 8743 8583 969 935 3278 1839 1695 7762 6163 1273 6906 5757 9566 5279
234 4962 1668 6502 5895 8998 5193 4073 8042 6572 1929 6635 3247 6351 7949 2868 4660 2746 316
235 3106 7715 1796 6436 9163 1387 3988 2036 2069 2263 9848 1081 9179 3740 3647
236 3392 3014 5672 8716 4983 8689 4693 3031 9372 1565 4063
237 7328 2882 1252 8293 9192 2314 5388 844 2732 5326 3665 3828 6072 7549
238 550 871 5159 6823 8234 7659 9180 4173 3758 935 3923 5525 8854 3863 2681 7388 4957 1822
239 448 5474 4579 6723 8040 5929 300 2252 8750 5677 5715 8307 2102 1495 8990
240 7840 646 9382 8393 2476 3340 1230 2704 177 9396 6262 5462
241 2241 7268 3592 9931 9356 6604 6223 688 8112 1907 6391 9692 3612 5981
242 2881 5666 3847 2505 3753 429 1454 2418 2771 120 9466 9275 3549 5950
243 2467 36 7949 6031 9297 1969 6837 8949 2135 7829 7962 8125 670
244 7937 1028 8644 9287 6026 79 5553 3026 153 6493
245 2340 5701 1677 3759 2671 9711 5044 1621 7414 6360
246 7353 9347 5030 2119 2183 1774 847 5296 1040 3024 3667 6260 2521 6938 5403 5500 5917 8831
247 9601 9473 9315 2275 1666 9510 3336 4939 8785 5812 2617 6172
248 8992 4897 7713 7365 4199 8136 5355 2379 9197 5423 5360 2256 9968 6963 469 7734 8185
249 2338 3267 6149 4871 7880 8938 3530 8298 7037 2701 2384 7570 3538 1085 349 3583
250 7841 6594 3427 1348 5125 5412 9453 4240 7732 5332 9526 8632 858 3676 3358
251 135 4362 6800 3121 2002 5296 916 8657 4086 4695 7381 1817 699 1884 9533 8350
252 321 2981 5835 7979 9133 3596 8528 6545 9011 9436 979 215 1850 4635 3132 8125 638 6042
253 2240 803 1383 9161 2314 8522 557 2802 4469 5685 5913 1658 8669
254 2272 5698 72 7339 4140 4855 1198 4597 9781 7413 6134 3548 1405 9215
255 4448 7009 5287 1063 9481 457 3885 3086 4591 9522 7762 533 6327 1850 9371 2175 2431
256 9216 7457 9634 6021 1766 6886 9677 8302 6672 6548 3926 9401 5276
257 4985 6147 9187 5412 4550 9831 998 3074 6698 7659 5389 2157 368 5776 2322 2128 3894 4793 3163
258 5412 4679 5736 5196 6956 7950 7311 2032 9585 4558 8309 3544 4985 1533
259 5536 9637 4806 1979 4199 2761 7647 4941 4717 5041 4119 5341 8159 5437 9949 4575
260 5408 1344 3971 1636 2635 1197 944 9008 5554 3123 3509 1437
261 2595 9283 6181 3653 3847 9321 6793 8907 2444 4207 7216 847 9086 6705 3827 2422 7355 1020 7357 4222
262 7296 4008 2252 4174 6958 4849 3794 4537 8858 4763 7484
263 4834 9957 9414 3527 4199 6029 7220 1720 3963 8188 797 1630 7295
264 2560 4544 4387 1861 6281 3242 9357 6801 8243 3766 4091 732 4157
265 8994 1283 2981 1414 1032 6506 4588 1328 2867 2869 8119 4345 6557
266 7235 4517 4360 2475 5646 4304 4626 1364 949 3894 1848 7289 7773 1342 9631
267 4928 2240 3747 1125 2153 2457 6189 7951 1201 7762 8532 7225 2654 2463
268 7041 6274 9655 8356 2408 6140 3086 6706 9309 3095 2555 9495 8861
269 8067 6563 9188 6404 6023 4172 2799 915 4182 5495 4664 1212
270 8160 6921 714 7725 8975 3984 2643 342 1303 8536 7321 3194 9533 1276 9021 9374
271 4129 4421 3749 4649 3817 8011 2099 5428 2555 6586 6938 3037
272 7575 453 8457 9162 8140 8685 4624 3473 7442 4369 5621 5750 949 9621 7325 5886
273 3936 7777 545 9569 5580 6061 9103 3440 5330 7316 3669 7862 7861 8856 4437 4699 7357
274 8866 1027 8645 2118 1064 2476 5070 4752 4561 7220 9654 7126
275 1793 7650 1505 7909 6538 2515 9331 4917 8824 8926 3288
276 899 100 2085 5383 1127 9033 935 2352 1841 2288 1941 9880 6267
277 9379 6119 8616 7753 6412 8463 6543 2064 1167 6451 6036 2868 5272
278 7489 3074 739 3302 8198 838 6007 3823 9199 6066 6805 5303 921 1435 9244 2109
279 8960 98 4676 8428 5390 6033 8914 4563 2165 6296 5308
280 8994 6597 8134 3789 1645 4977 8275 9844 7253 5493 9558 2715 8829 1694
281 4964 101 5417 9418 4941 2961 6002 3859 5715 5751 2490 5372
282 3586 578 8130 4102 1031 5896 1831 1323 8239 6416 657 4242 8495 374 6167 1177 2586 828
283 257 3972 234 427 2861 750 6287 5584 4269 3475 7669 2202 2555 9950
284 2240 4132 650 8427 7788 2122 6766 8654 6447 6762 3410 6962 6583 985 7194
285 2144 898 8994 3524 9671 2120 391 4590 8175 4917 4565 1557 3866 989
286 518 8200 8681 1802 6509 3982 5617 2453 981 4023 2806 857 891 2111
287 673 1279 7527 2663 7435 9484 2828 6967 397 7504 9619 9047 7162 9245 5023
288 2240 193 5473 6691 7111 2731 5752 5613 4497 4052 4504 3610 5436
289 1761 8293 5416 5994 7948 5325 79 2738 4275 7538 4340 5270 5715 3899 6940
290 3225 5762 6312 1194 6122 9834 4083 1461 9206 1429 7129 4861
291 6145 5247 1443 1383 7792 9296 7122 4721 6547 1682 8216 5209 221 4671
292 8096 3745 4129 321 1668 8104 3593 6794 4461 6734 1681 3319 1175 3417 7739 7933
293 354 5826 9732 7688 8682 970 4939 2896 4208 1425 6611 5715 792 9691 2428 8125
294 8416 9409 4610 8676 5797 7652 1581 2702 79 176 3538 2898 5430 6103 1430 6845 3359
295 9218 8292 934 5351 6376 4456 4678 7787 6987 3498 6670 2608 3153 3379 6547 182 9848 4890 732 6303
296 4769 8642 7459 6020 8130 9960 1323 2225 8722 9204 9341 9301 2365 6366 1375
297 7813 9736 5321 4300 7469 6063 1105 4690 818 1014 4505 5852 541 7454 6815
298 2169 9126 8615 3080 1384 3753 2962 918 2518 3894 1913 794 4956
299 2272 2213 6891 3536 5521 8088 3830 8152 9787 7356 637
300 9507 5956 675 7078 8741 1668 9866 9930 3146 7821 1901 1967 5326 1105 2643 3415 3417 2621 3135
301 2169 611 5797 9704 4778 9067 3884 6458 5553 3313 1785 2327 5240 2457 3354 828
302 7874 7012 9349 5702 3111 8906 3180 9741 2545 3442 7635 5810 696 8442 7967
303 5665 3682 4422 4489 8269 2190 6894 4110 6162 1403
304 8510 9632 1762 1731 7652 7429 3494 2 5384 5769 3661 5520 3856 5877 151 1752 794 9211 732 7549 1118
305 7493 8615 1927 7240 9517 6991 7088 9009 4307 979 3447 3452
306 9953 6851 4484 1571 8196 2028 4941 2254 2892 9903 7796 7545 9018 2492 4158
307 8608 1411 6883 7843 7781 7652 1769 6954 235 5804 491 3604 9436
308 450 3716 3334 391 1420 6060 3118 5166 5551 9903 8756 116 2521
309 4992 6242 4388 4717 7118 5647 8910 7153 2167 6457 8764
310 8001 8390 6216 4970 7883 1708 3664 9690 2290 4980 7450
311 1697 6849 6329 1250 408 5414 8193 9043 696 3257 3036 4991
312 321 8548 5894 8135 5354 1262 243 5973 3701 6167 6101 7161 5818 253 3326
313 1761 4292 9284 4518 1159 7147 4428 2195 8916 9236 9430 6613 9023
314 2083 4484 6787 3815 3754 2128 529 9362 5683 7157 863
315 1920 1984 4483 6628 6533 7430 229 3274 5964 9007 2481
316 7968 1382 6152 4074 4746 6891 9645 6538 3641 8431 724 2711 6840 4025 6940
317 5415 1255 5353 9676 4269 8524 879 1616 433 5880 2231 9048 2713 7133
318 8421 4038 2472 2984 6602 8908 8945 4369 2935 6681
319 9634 3715 676 4418 3203 5448 3977 5738 7240 1037 9204 8852 4055 7736 88 3005 9823
320 3552 4320 3362 7428 9096 4329 684 9517 3885 9521 4883 5687 9533 7711
321 5920 1092 7204 5513 393 7863 4234 6635 6863 3631 3505 4437 2135 187 4127
322 4224 6368 8387 935 2107 107 3501 6925 8084 3380 5270 5144 5179 3452
323 1603 9031 172 3053 3341 4620 5775 9009 2288 4694 3830 2109 6846
324 8163 6147 8581 301 1326 9007 3537 4761 4242 1105 7734 9014 2137 3422
325 1409 9188 6406 2599 810 845 8879 1844 2936 2555
326 7232 1347 5412 5478 3942 4521 3869 236 2765 5584 3379 5140 2264 666 8893
327 8001 4134 7782 4456 4138 7022 2671 7154 7762 6934 5690 9148
328 7170 3523 100 3877 4870 8329 362 7630 5941 3771 5469 7327
329 5537 66 2184 3195 3980 1678 6258 9622 62 923 350
330 449 2242 5729 9764 8580 8994 4538 2258 3514 8955
331 2948 7429 582 2695 3913 842 111 7153 51 8531 8573 7804 4701
332 4032 8196 4969 1834 8559 1875 3541 1625 1883 1628 5310
333 1953 9090 3298 1028 6914 3074 3751 8366 3918 6709 3737 1692
334 6529 2436 4388 4934 9351 9608 1834 1934 5295 4787 9364 6327 4186 8637
335 481 9857 4196 9349 7563 4751 593 7026 7351 4315
336 768 2658 8931 838 6374 1369 3432 6054 7055 601 6928 6164 597 4214 5271 9846 2201 6810 5500
337 4416 7842 4325 5515 5132 9325 5327 9168 4723 7508 729 1180 2270
338 7840 65 865 3584 8994 5447 9640 5962 4139 7213 1647 1202 9362 7604 6014 2962 857 9565 4478
339 8801 8098 34 2499 8170 3468 2769 5203 7155 8821 4733
340 2272 9184 9954 1763 2340 4269 78 6391 1134 9968 3794 1075 6165 4341 7447 731 5534
341 8192 9345 5953 2240 6117 5736 6281 2220 2643 4564 8413
342 1732 491 9999 4406 4759 214 4538 7227
343 6145 9667 1860 8227 8966 4966 7624 8493 3053 3631 2289 4277 6521 1884 9533 2878 7903
344 5248 5639 776 5898 8467 3490 9598 4901 3758 7736 3513 6713 3521 5964 7885 1231 3536 476 9312 6641 3573 1534
345 9189 7206 684 7662 3312 5904 4080 5396 7028 2965 8887 1307 1534 8127
346 741 9926 5158 8264 5832 3174 8008 5390 6063 6289 5621 2870 2711
347 3936 2433 4194 6115 5089 609 5572 3049 42 2155 4335 3249 3506 7699 9079 7675
348 9859 6467 4259 133 1289 3307 779 7248 7377 4562 8594 4851 1267 5553 4797
349 1697 9156 6983 9930 6859 8717 3694 6926 2288 7314 7157 3765 4985 1117
350 1984 4033 4198 2440 8970 8938 172 2701 1839 5711 9746 407 8507 63
351 1824 3681 513 3745 4612 4736 321 8136 1740 8781 2670 5839 5743 9968 1394 6101 218 1052 5693 8671
352 7648 578 4548 4774 8233 2828 9968 6385 8882 9172 7835 1557 4340 2617 1275 7836 4254
353 4737 8837 6 9478 7438 6137 2987 3630 8882 4664 4284 828 6467 1476 8140 3277 7893 9689 3936 4199 744 8310 4345 8319
354 6144 9538 4420 7044 4314 4522 5452 1708 7916 4081 5715 2582 9688 6586 6203
355 7651 6602 7451 1619 7732 5147 4700 2941 318
356 5441 5412 4326 4521 8714 9067 4363 9132 1465 6699 9968 3506 917 4151 5881 8667 668 412
357 6048 7687 1802 7115 5035 7820 5615 7025 819 8084 1685 7581
358 96 8768 4066 5316 3012 5917 5036 3824 9265 8722 3376 1044 6964 3542 246 3961 5466 3005
359 2305 3555 3614 3656 71 7883 7949 9231 7699 7413 2614 2070 1978 4507 6558 1279
360 1507 2404 4806 970 6506 6636 9426 6521 5658 2843 7709
361 6752 9508 1156 1668 9768 5642 9834 7380 276 7543 2872 731 4924 5503
362 4417 3074 8739 9347 259 8387 8711 5097 461 1998 7344 7762 2806 151 890 734
363 5121 6786 965 3050 7083 6188 2986 1905 9458 7220 1973 7672 8185 6015
364 6272 1122 7043 6916 813 9359 5456 4241 7282 2962 3476 6901 3743
365 2881 5528 8517 41 6712 8780 3634 7927 728 1467 6295
366 8705 7651 5669 6731 9996 8043 7438 8400 4564 5174 6267 6909
367 7232 6084 1668 2726 4903 6941 5838 7698 2836 758 2072 5785 3676 3677
368 9830 6727 4936 5673 9610 5482 6860 14 8079 8469 1429 4183
369 8289 1059 1146 8681 6731 844 9422 4538 2768 2288 9779 794
370 2369 450 7301 1548 5005 8125 1650 6002 8440 2780 29 670
371 9056 8675 7036 8618 3056 5169 1236 569 7066 9147 6972 1533
372 3522 1028 7501 1806 6799 7856 79 1202 2968 4985 5405 1534 3423
373 1313 1601 5251 7974 8390 79 1868 1710 7087 5966 8081 4624 6077 9683 372 6996 1299 8125 5306 8443 699
374 4352 8770 8740 7368 8777 8394 6088 8462 3982 3185 6613 5014 7134
375 9153 8069 5003 7117 1102 8910 5168 7153 8146 6483 6872 8159 220 7231
376 6049 550 1383 6953 6186 9389 9617 4914 2963 4148 6357 2485 8722 2327 926
377 4384 4289 4226 2240 8997 294 616 6446 8978 6226 9876 8116 8410 4607
378 3008 8257 7938 5089 8711 5033 8618 1451 5402 9483 5880 6546 6778 8439 8664 6327 154 3836 7066
379 2113 3460 8164 7174 745 6267 8595 6523 7798 1529 5787
380 3522 8878 1519 1168 1648 6802 3059 9945 7669 2288 9177 826
381 321 227 741 5702 5639 7742 5799 8134 2158 9487 5777 7827 852 5715 919 761 8892 8185 4382
382 897 1442 3267 3723 3153 17 1458 2962 8310 2326 3103 6455 2750 9087
383 481 6786 6178 6469 7688 553 7883 1932 4273 178 3827 5462 2039 9336 505 4378 7099 4158
384 3232 2977 1569 8163 9252 1542 935 7114 6380 1394 6739 3383 4504 6138 5627
385 7169 3747 2595 7306 7372 463 5008 9074 9941 8085 7676 5885 2206
386 3584 8743 6440 935 2559 2957 3021 5645 2999 7762 7699 5715 3702 1398 9400 4764 2264 2367
387 4800 3879 9962 4203 9612 9834 9838 5168 7699 8052 2517 8248 155 4604
388 2240 1954 457 8142 4654 9968 5041 2962 3764 20 1847 2297 1435 9533 5119
389 7586 2345 5807 4399 2641 4658 2288 1109 6165 7063 7190 4570 7006
390 3072 3236 1956 4808 9675 8846 9423 272 5972 5141 4086 7383 4985 9404 8125 7967
391 6241 8898 4828 3074 550 4326 1195 8907 7949 686 4143 1466 9007 7251 5690 19 2390 4345 538 4732 9887
392 2977 4035 6724 3751 233 366 6510 3344 8495 7383 3993 9533 6301 6078 159
393 8960 7808 2 1670 6584 745 1834 2699 4971 5710 5326 7569 979 3252 5941 2676 6903 3894 1977 8346 3551
394 1377 353 1763 3877 7686 3975 8135 2663 5547 6642 819 9366 1047 893
395 7968 321 1634 2882 1091 8357 4549 3111 7112 3308 6645 8822 182 5177 4892
396 2211 5412 8389 4606 109 4781 2771 9140 9303 6202 6077 8535
397 1408 2274 7879 5161 7467 3027 3636 5493 4341 955 7676 9245
398 4000 1159 1482 2282 6030 5936 7059 9461 3766 54 5819
399 3456 8544 3460 7719 935 8361 7724 4749 7472 3089 6518 215 6010 9310
400 8609 8485 2502 4491 2765 6613 7158 1657 6618 2523 4255
401 5792 3810 7491 6727 9576 1961 8457 9611 5933 8847 7001 6942 799
402 1480 7624 6346 8362 8620 2858 2865 979 9588 4340 888 379 2620
403 191 4002 5282 9996 7340 5677 2320 1336 7164 8382 8095
404 4192 8033 7296 9476 2340 9383 4104 2218 6602 5451 3533 4607 3660 7786 7153 6739 1852 1725 639
405 7264 3 1763 6534 424 5064 3664 4880 6037 6070 4790 9366 6394 5304 8863
406 4896 2017 321 9990 7943 9194 3147 4268 2986 1777 5234 8471 1368 3417 3004 3837 734
407 6245 4133 2086 2790 9481 141 2030 1682 3795 6227 1140 4214 7922 6168 602
408 1731 5701 7141 7672 296 8078 9647 9940 2486 6455 6456 1180 2264
409 4996 1956 6025 427 4076 1775 9332 4020 7032 8603 158 959
410 1409 3431 4715 8462 9393 114 1652 7224 2490 7547 2301 7899
411 3074 4964 7077 1127 7271 4141 8045 6584 1626 2494 8031
412 7105 1093 9094 2630 7465 8490 4766 5356 3149 297 7438 2963 662 8375 6267 7997 638
413 9284 773 5097 6186 8782 7758 6165 9686 7255 8343 3033 6362
414 6721 2 580 2790 8263 9386 2282 652 497 9651 1465 9851 7613
415 9537 3393 1668 4326 935 7724 7949 9968 212 3414 153 5466 4251 412 6974
416 1280 5728 7879 5705 6281 7852 5965 3982 9007 9181 7438 23 1496 4475 541 5886
417 5761 8994 2309 1800 8874 3629 3565 9073 4241 8531 1364 6555 5978 3325 1050 7675 5277 4511
418 8193 7235 5667 5445 7655 936 9864 3463 8715 396 4055 5017 4095
419 3043 1988 7367 9576 5962 1900 1038 2032 1942 151 5016 506 8155 4893 7038 1055
420 2439 4591 240 8337 9295 4691 212 661 3414 6167 2617 2202 4444 9534
421 7360 1957 1766 9638 9576 3468 6253 7694 8528 6419 3956 3797 691 1238 6425 7036
422 257 226 2408 2345 6506 1964 3405 3181 3597 7697 4341 5944
423 1760 6665 5737 2795 9196 9005 5869 207 8272 6827 3126 183 4760 9850 7549
424 287 7654 8393 745 7887 9745 7955 979 863 3034 9244 5917 9726 7071
425 7713 321 9189 1094 1031 7594 6155 8682 8371 8149 5213
426 483 1924 358 9130 396 7485 7153 4274 5780 6327 2392 9241 9019 3100 2588
427 8804 4328 9129 7498 2123 8363 4522 2458 5617 2070 2202 4635 63
428 9569 935 6153 7562 1560 7980 7356 4948 9366 5015 312 9533 3772 7901 670 639
429 8387 8765 2245 5401 2986 1259 3692 155 8976 2962 7927 7609 6395 4029
430 8513 7138 4258 1060 7719 6472 5547 4335 2288 8561 6258 6227 79 3381 278 8503
431 9664 3169 3331 7556 3110 2951 2120 7945 6826 6347 6675 7865 2458 6686
432 9216 4066 2850 7810 2085 9606 6698 4556 3725 526 9007 9142 9398 5052
433 6592 5186 7332 3494 1097 364 4589 8881 6642 2962 7925 6613 6905 5565
434 2338 4195 1668 7430 7078 9159 1546 652 333 6447 210 148 2870 5846 6938 3739 444 2078
435 420 9705 6506 1004 6062 9327 9681 7986 8306 2783 1657 4540 8413 2335
436 578 3543 2887 5191 7688 6014 8757 6710 1814 3421 4990
437 4866 5605 5733 8614 7240 3530 9099 8461 5488 3058 8499 6775 1470
438 4999 2602 8125 5649 4242 2548 9047 7097 8186 2557
439 6647 2956 8430 341 9526 2998 2363 3613
440 3714 6500 1796 806 6889 8284 4624 2770 6260 2228 2107 8860 7741 5343
441 7329 129 325 8261 9767 1000 8587 8431 4400 2805 8950 7388
442 6621 4674 3715 7741 5798 8105 6413 2349 6095 9968 6257 9777 8081 2867 7317 4086 9176 8506 88 1948 9693
443 608 9763 2020 4005 2275 3783 1479 4777 9232 7859 9300 6677 6613 6938 2555 9244 447
444 5216 1889 8260 5285 6470 1000 682 8462 8143 2327 1105 2611 5429 3926 7543 6101 6524
445 321 6179 9604 259 905 4747 9516 7340 1902 7599 947 7987
446 6818 8132 871 4938 8235 4908 3341 5454 4655 7789 6258 5715 6613 2518 7033 9050 478
447 3745 1601 9379 4708 427 9326 8784 5011 8276 9110 57
448 2624 708 9126 8167 8427 7949 3886 5748 4821 2229 1626 6938 2973 6527
449 5409 9250 8131 7932 2117 4632 810 364 4974 3411 888 1724
450 1921 6786 451 4996 3911 7723 9579 7546 2643 52 7545 2458
451 4353 6594 8674 9414 6279 6762 3821 9197 2864 9137 4624 9592 4089 315
452 8162 3012 6534 3143 2247 1966 6607 3631 8757 6974 1151
453 5856 4386 8996 9351 395 2839 5943 6221 780 7120 5715 5940 6102 4310 4511
454 9217 802 9827 1252 2234 5546 7631 4785 788 664 2969 4090
455 7368 2409 9002 8817 9041 2491 7413 8440 7449 1786 5499 8572
456 8992 578 1122 4453 5063 4702 2477 5006 2962 1971 2389 4824 3193 7610 4286 8670
457 2240 4194 6149 3877 7431 6153 7278 3151 4976 3313 402 6130 8431 215 2297 924
458 2754 3300 7652 9094 5030 3012 9930 4028 590 2548 7028 6100 5748 3324 8125
459 6240 3299 2787 3207 7275 9259 2896 2643 6388 1813 4318 222
460 2240 1283 9830 5161 7883 3885 5040 6066 8147 6196 8981 8725 3036 1022
461 2498 5988 8491 429 3341 685 6798 2544 3894 5047 7960 1917 3743
462 449 8034 4994 8994 2058 331 1836 5458 9622 6166 4955
463 9731 3845 1062 9990 2472 2983 11 8367 3097 7356 8509 7710 1567
464 8165 4454 4199 5064 9657 8717 3279 4786 8788 2454 7223 9433 2746
465 7649 7522 5795 7703 5211 206 7699 9716 3126 4279 187
466 3744 1987 5796 8516 9797 6986 3371 8140 9549 9582 9967 2288 7859 9236 2101 8116 7550
467 9218 3716 9988 1191 1353 876 4364 3086 1084 5038 3697 9458 5848 2288 8279 632 4027 1276
468 9313 5252 6085 2024 5770 6605 8429 7949 1618 7512 5659
469 7489 5346 3074 8038 9895 8040 935 6538 1708 9711 560 3541 8949 2295 926
470 6145 4035 7464 5547 9841 9393 627 5234 2551 6234 2555 1087 4703
471 1152 3489 6954 1034 6124 5997 6251 5615 3313 8052 2293 7350 3192 281 7997
472 4985 3235 8387 5351 2986 9291 2444 696 1134 7574 6103 8472 9270 7131 7389 9534
473 5888 3713 3458 3781 6854 7238 5770 7699 1815 5016 8729 6170 6622
474 6144 5986 1091 773 7719 712 3275 493 1678 9303 1495 2586 6492 5277 9278
475 6370 3746 3624 1546 718 4239 3471 7313 7792 3665 9615 2962 3926 4188 5053 7582
476 7329 5219 1576 4264 9640 2795 3368 7049 3887 1752 7153 8276 5908 3991 5176 3837
477 8033 3298 4837 6827 2188 9677 3855 9141 7190 3064 4667 4123 8382
478 3264 1058 1571 4420 4515 552 9423 1072 4531 2484 9716 246 6999 2680 5150 8862 3103
479 6880 6530 8228 440 1511 7068 6378 205 1008 9265 950 7991 5720 3128 3964
480 352 2240 6082 3012 8005 8841 1503 3243 8105 5962 6480 3793 2642 5907 7828 3285 4755 6872 4575
481 9408 3841 8738 4866 9401 4040 3176 1002 6281 7085 3568 1105 6809 2844 7422
482 9024 128 9538 9057 5347 321 8359 4010 6355 3379 6613 9655 1207 4922
483 9953 2 6691 6915 5446 2953 1195 460 3758 1232 4561 7984 1047 2519 6168 6587
484 9675 2572 4045 6573 8043 3153 7537 9522 9595 3350 9270 6457 3099
485 5703 3624 5961 9159 8972 7949 9455 8977 1107 8470 8505 1019 1950
486 1440 7680 9986 2210 5830 1389 3982 4147 1012 9238 9527 8666 9404
487 3456 2946 5859 5667 6082 4584 400 1331 8918 2873 5723 2846 1887
488 1828 7880 6573 2413 4721 6001 1075 119 1429 2135 4792 6970 2327 6237
489 7904 4324 9640 5449 6762 7499 876 7500 79 5072 1554 2228 4372 7510 8020 1562 6011 7452 7742
490 1664 4771 4035 359 7848 9991 9039 754 5748 8056 6713 8636 9022
491 5633 9031 4042 3083 3851 2349 4271 7153 7250 2974 2105 8217 3326 2079
492 419 1604 4965 4163 8099 4326 6889 8005 4587 2256 7536 5107 2650 5340
493 5056 7709 707 9028 4677 6053 7817 5710 9872 3827 6164 6334 9116 669 5662
494 482 3811 4902 4744 9935 336 305 7987 6101 4823 6040 6809 7295
495 9541 9638 133 5029 330 5035 8812 4078 7664 2577 2002 8757 5081 4411 8509 5726
496 5024 2981 2791 9354 7755 6444 9930 5649 1937 1841 7762 3894 3672 1881 2555 7134
497 6978 4137 1580 8942 7663 5392 1745 9170 1331 4948 3291 9085
498 3320 9443 6501 2730 1325 6222 2031 442 1262 1907 3895 8792 183 2426 155 3005
499 3330 9764 1892 3658 7530 6924 381 6258 8980 6902 8600 1597 7903
