100
0 10 12 5136 279 152 26 30 31 2594 2978 2340 293 677 166 425 177 2482 3511 1208 5561 1725 62 82 339 5469 7013 4589 110 1009 242 120 123 5246
1 7301 774 1799 13 16 1558 23 8600 3735 27 8738 36 5414 41 5675 179 52 5046 568 5820 316 968 2509 717 93 101 1512 2288 1137 882 116 756
2 6 7559 7815 510 266 9742 2451 20 2202 5276 1824 680 688 2609 1075 58 444 190 323 197 205 719 81 1495 91 4452 362 247 633 762 635 253 1406
3 6 9607 1288 12 143 2191 3349 26 28 5803 6064 6329 57 4032 66 323 581 583 72 3659 205 1362 83 853 86 101 2805 507
4 257 10 908 13 12 1679 17 22 152 31 160 34 43 46 562 308 183 57 192 323 3654 1482 2894 78 85 1628 1635 488 1257 119 637
5 1541 138 11 12 18 20 409 28 1693 286 161 33 1702 5160 937 44 178 310 1334 953 60 8767 66 67 708 80 96 1889 100 2151 747 1648 113 2163 637
6 390 648 659 23 2076 29 1310 159 1184 36 805 551 39 553 4009 3244 49 59 64 65 67 4809 976 208 1106 89 221 222 100 104 105 4221
7 0 1 2 4 6 7 11 398 6031 4752 15 1296 21 30 31 1315 38 807 167 41 170 303 176 50 51 948 5429 1590 63 66 74 331 848 3548 485 5222 4848 118 119 380
8 265 9085 16 275 6555 283 1572 42 9262 51 1588 179 4152 2491 574 2622 5186 77 79 87 343 1754 3198 2014 487 3179 2928 3059 500 118 125 126 767
9 0 1 2 3 6 7 9 5641 138 15 656 19 20 2973 676 293 297 938 174 52 951 55 187 6729 88 6234 219 1756 2652 95 9442 99 101 232 122 123
10 0 129 2 131 4 5 3 1 8 12 19 662 152 28 8992 2848 4386 38 934 5926 41 44 176 5170 3252 1079 56 2496 200 1737 715 1361 93 94 5725 3430 119
11 2433 7 1671 10 14 399 24 25 158 30 3358 1571 43 1967 48 946 2611 61 70 72 76 79 465 347 3164 477 1758 859 356 1509 234 6126 633 502 505
12 2688 129 130 5 393 10 12 14 7182 3983 19 533 790 22 155 32 421 678 3751 168 301 2990 48 51 1973 439 1082 192 1481 207 979 595 1502 878 879 245 506
13 1413 524 1424 27 6684 29 6558 1318 48 56 3257 184 2491 67 71 3535 851 600 90 93 99 355 101 358 230 7658 2282 237 8688 7027 2169
14 3715 131 393 9225 2955 524 14 916 4244 278 28 291 5795 933 49 181 58 60 191 2751 2247 1866 846 1235 89 90 229 2153 490 107 1136 880 762 1278
15 513 131 6 780 4632 793 26 541 158 36 6438 39 296 44 2477 4914 437 182 1461 309 1721 442 3389 196 723 1506 358 231 360 110 628 8692 1272 127
16 256 1027 270 1811 20 276 25 27 156 417 35 36 1579 44 1709 816 1207 56 185 186 450 195 456 1097 481 102 6630 3950 7791 9843 506
17 0 1 2 3 5893 5 7 8 10 7818 11 14 19 20 21 23 665 285 797 6049 34 42 1710 435 4278 186 3900 67 454 3274 346 94 96 759
18 5634 138 11 267 16 17 18 20 27 161 34 35 33 162 37 39 554 2222 50 55 60 66 452 583 202 77 4302 213 731 221 608 2657 355 613 747 1395 628 251
19 128 1414 775 17 18 1685 23 4120 30 298 1072 50 179 1333 55 56 60 1216 704 194 67 7373 981 8150 88 344 2266 1119 5990 236 245 250
20 0 1 2 3 4 6 8 1290 11 15 1039 17 19 148 20 406 5526 26 158 5154 2979 676 35 39 49 62 9798 712 1481 206 210 9562 105 2153 107 1005 247 3198
21 5120 389 134 9 10 16 275 3989 2848 34 1828 39 2988 174 176 567 58 315 4162 325 70 6480 2264 95 1506 5604 244 1653 1271 1407
22 0 1 2 3 4 5 6 7 1290 11 22 24 28 157 1310 933 40 168 173 47 49 822 442 66 584 458 6731 205 462 89 96 230 2045
23 0 1 2 3 1156 4 5 7 8 6 129 11 1677 17 1042 19 2579 152 26 1948 28 1438 33 35 1152 39 1959 50 53 55 233 107 3324
24 0 1 2 3 4 641 145 17 21 1173 25 1566 542 292 37 40 178 181 950 825 186 3006 62 1217 6854 330 83 889 481 121 3301 757 3577
25 0 1 2 3 4 5 6 8 12 1293 13 14 2191 21 22 409 36 807 952 1859 74 1482 9677 463 1490 342 226 106 109 2546 757 249 127
26 0 1 2 1027 3 2436 5 9 5774 3730 19 21 406 278 27 155 36 37 554 1073 561 63 963 71 328 82 4051 469 597 217 3420 92 1127 1515 6137
27 8 9 10 11 12 2960 17 20 23 24 411 155 29 286 32 160 37 295 47 5812 53 57 60 63 1345 3266 71 1225 2769 212 468 984 601 867 2148 105 240 1137 119 121
28 6785 6 135 264 10 11 12 13 14 268 16 655 4364 22 23 2968 6424 5526 544 5921 7971 557 180 63 960 708 842 332 1741 975 209 217 91 1506 1000 232 1263 114 1140
29 3 4 517 5 391 138 9357 143 18 19 153 5020 29 5667 2212 41 180 56 190 448 67 197 1351 1099 84 3158 984 2524 350 106 1389 752 887 2684 255
30 2048 1026 5 134 6 9 10 14 15 145 914 2967 24 29 5792 288 37 6696 41 170 8875 1963 431 1583 51 314 62 196 968 715 6097 2522 1754 4325 8938 2156 117 121 9471
31 130 4361 138 142 401 3097 27 156 31 33 546 38 8103 1958 1065 5165 304 1841 2738 179 9906 698 199 971 470 218 97 1123 99 356 7924 248 506 125
32 0 1 3458 3 4 5 2 645 7 9 8 900 15 272 17 18 402 148 29 161 37 554 44 301 176 51 309 55 830 2882 67 709 1865 83 861 225 105 121 1150 1663
33 6 9 12 2444 14 15 16 19 20 22 539 28 31 32 2848 419 8488 6697 940 5294 3119 5167 176 2233 188 961 73 3790 980 602 7387 91 347 358 231 3563 236 3699 1011 509
34 4096 1 1921 3 4 5 776 137 8 12 17 3222 154 155 2469 1446 38 2096 817 50 4659 54 57 58 1089 198 587 1233 340 5084 5597 2147 106 363 6130 371 6523 2430
35 128 259 5 4613 7 137 10 15 529 25 27 44 49 1074 52 55 186 316 2239 4164 836 471 344 89 476 96 483 5221 114 1909 763 6012 1150
36 1152 142 526 1168 403 276 7315 5140 669 415 2591 1058 35 805 41 2739 312 2493 1859 72 79 336 81 9556 854 1245 2408 1010 3317 250 379
37 0 2 514 6 7 10 395 4362 15 16 18 19 151 24 412 2983 1576 3500 176 51 62 322 3140 69 73 1100 332 594 87 1372 866 6755 246 1021
38 256 8704 129 774 16 19 150 3478 2840 408 298 557 173 6702 2992 45 9138 1714 56 60 445 62 1862 74 7373 209 81 7764 3926 1239 735 7776 3299 1765 489 112 1266 119 120 1147
39 0 1 2 3 4 5381 6 7 8 9 13 21 25 26 796 546 169 7593 56 189 701 322 204 2128 94 1251 99 3813 750 118 632
40 5507 132 772 388 3849 11 14 144 273 659 20 278 23 803 3753 5931 6831 306 308 2745 60 317 957 67 3704 209 6226 210 982 601 106 9203 9208 127
41 4 5 6 4618 4241 4247 24 410 287 34 5797 39 7591 5801 554 43 1837 49 51 52 54 5688 3784 3017 75 2014 378 4858
42 516 7 137 12 908 655 18 22 23 280 27 284 669 29 159 33 1058 34 36 935 44 9517 9519 176 561 7347 7606 4408 63 1729 331 3790 82 595 214 86 88 218 490 1514 250
43 772 132 265 2060 9359 1296 4630 6423 7712 33 162 296 41 47 7986 1333 55 328 1993 74 2507 1866 73 3016 210 1876 1495 2904 93 1894 4838 377 236 108 371 3317 121
44 0 1 2 256 3 2951 7 135 650 2575 146 2196 5014 151 25 1051 6044 1826 162 164 2091 43 46 56 58 197 72 1610 202 332 77 214 348 2785 112 625 498 4089
45 1 2 131 133 6 7 8 653 17 5909 278 282 414 31 671 42 554 44 6698 4271 4657 2360 697 57 60 576 193 69 462 978 1627 222 1502 107 5999 4211 757 1142 1783 253 509
46 644 133 8585 267 1932 654 1166 534 151 414 1567 4131 425 1066 7086 7600 438 445 1474 1091 202 970 210 1746 7135 739 228 4581 103 104 6005 1142 122
47 139 4238 30 32 33 3751 40 5161 43 52 565 313 6074 188 454 583 3151 2897 2264 352 105 1642 3692 109 4336 1010 251
48 0 1 2 3 4 5 6 7 8 9 2825 11 138 19 25 27 28 33 35 8616 300 2863 55 74 79 4821 218 1371 5728 96 3684 103 2920 3692 1260 366 248 124
49 0 1 2 3 4 646 8 138 11 8973 14 272 19 23 24 28 29 7970 419 35 3236 7718 1959 297 42 51 64 88 1752 9957 235 108 118 6137 123
50 4864 1414 2184 9 4619 268 141 13 29 672 33 418 41 2227 691 2612 5178 5562 64 2126 82 83 1620 1624 216 9952 1391 2292 126 251 125 8702 127
51 0 1 2 2818 4 6 7 9 13 14 17 9234 788 21 22 23 24 9365 27 28 159 288 33 45 63 1728 1989 966 200 78 8783 334 213 597 725 4705 2410 2420 508 4606
52 384 9 2190 143 16 2702 145 2327 26 29 1950 676 2088 47 3761 310 4025 1601 72 1361 724 7895 5851 225 365 239 6001 6514 753 248 5625 381
53 0 1 2 3 4 5 6 2052 136 9 8 11 12 13 138 15 17 18 19 1428 21 22 23 1434 161 2218 171 8629 187 62 8512 968 724 2262 2135 3038 355 100 114 243 251
54 772 9 139 402 6043 31 4511 1697 9763 37 4656 561 2099 52 571 9019 61 446 62 2240 68 1607 72 2251 715 5195 2638 204 2000 335 854 4184 89 2650 354 9957 509
55 7040 132 262 7956 2965 7062 791 8729 539 2337 35 549 171 173 1917 178 52 3513 61 8766 69 71 2254 208 3161 1246 1502 96 102 488 4850 1014 2301
56 0 1 2 3 4 2051 5 391 7 8 9 11 16 18 19 22 23 799 32 1697 34 35 44 3756 8114 179 50 1591 5566 62 6348 3796 2264 1502 2282 108 112 632 1913 8702 2431
57 0 1 2 3 7 136 8 10 11 268 3975 2062 14 16 20 21 25 2458 28 1572 1706 53 1595 63 2883 69 456 82 83 5724 9566 619 116 372 2683 4859
58 0 128 2 134 4104 264 9 138 8076 909 15 148 24 35 4133 550 936 2986 175 437 55 3768 2619 70 329 1866 6604 4685 89 5850 224 1378 99 101 1902 1263 120 121 4474
59 769 8450 3843 1412 902 6408 9 2187 139 16 1429 22 8601 31 167 554 2479 64 65 1728 323 585 75 203 82 725 216 93 6238 225 111 1264 1011 2295 125 127
60 2562 899 2052 9609 11 525 21 22 24 409 666 28 30 33 417 2730 43 48 65 67 68 69 708 201 78 81 338 83 2397 5605 1393 113 115 1909 5371
61 135 137 1932 1165 18 916 404 2456 27 545 33 298 176 7473 55 64 448 1991 2634 3661 213 1626 221 8672 227 231 104 106 2795 2415 9584 7672 121
62 1027 10 138 7181 16 528 914 156 161 167 5546 173 559 50 51 54 7481 57 700 6847 64 194 583 7624 715 76 1627 3044 359 363 497 113 2423 9593 766
63 1283 137 138 907 6412 144 1041 534 293 4264 7977 174 6834 58 8131 8516 582 1991 327 842 459 206 5329 6229 1882 607 96 8801 227 9574 3313 881 3444 5368 252
64 1408 5376 134 1035 1552 785 6035 409 27 29 798 415 800 803 1190 679 1704 170 52 1721 314 1598 446 1988 325 709 591 336 213 2261 216 231 237 110 120 890 124
65 514 392 11 20 26 2460 29 818 55 3769 60 62 319 66 8518 5196 589 7122 86 862 222 97 1377 3175 3946 106 8428 2413 120
66 4482 131 145 7316 23 7325 158 1951 4001 292 37 554 1452 47 947 8116 54 59 1087 3648 65 457 1865 845 462 976 343 606 4319 2142 866 611 875 750 252 124 4350 3839
67 0 1 2 3 4 5 129 7 519 7687 1290 779 2060 1671 14 15 18 19 2195 21 2706 25 27 28 157 1956 36 38 39 1843 3774 68 1863 2132 1623 229 3689 375 891 511
68 0 4 6661 9 13 15 16 279 664 26 156 5661 1566 159 34 6820 37 424 40 302 309 1078 5689 59 82 475 1889 226 98 112 117 760
69 2177 388 5 6 7 9 141 13 17 18 6290 276 32 33 1061 1446 427 54 1593 58 57 63 3520 7231 73 1482 977 1883 1499 1119 99 358 3561 109 6767 1522 8180 245 756 119 762 1279
70 650 1803 12 139 270 3097 5539 1699 292 551 49 315 60 4798 194 6979 76 592 8272 85 480 97 1122 360 1000 490 108 629 248 2681
71 768 257 903 2696 9 906 13 15 17 18 147 6166 22 2078 799 2591 34 165 37 169 170 42 172 1456 1073 54 1334 75 590 98 105 255
72 2195 20 26 2473 2859 46 2094 51 180 1077 54 313 60 194 67 324 327 1353 332 6094 84 91 103 1384 111 755 3828 7797 246 248
73 0 1 2 3 137 10 15 16 17 23 37 41 46 57 65 197 71 4680 3528 9547 1232 859 95 224 609 99 5479 109 111 115 252 380 382
74 0 1 258 3 4 2 517 264 12 13 142 16 19 659 21 22 275 148 418 36 40 8365 3502 6450 435 1332 184 1210 58 1979 64 9295 2385 992 612 234 621 625 1401 126
75 10 6284 268 5519 145 2067 29 161 1314 419 1062 3244 302 46 176 945 562 182 1337 447 69 70 77 210 1370 346 92 360 106 235 108 122 253
76 0 128 2 3 1 5 6 129 8 900 10 11 2060 16 17 6288 22 27 3228 155 8095 34 35 39 43 556 45 47 48 305 455 3279 867 869 103 108 245
77 134 10 651 273 18 19 20 21 8466 8733 161 4138 433 1593 447 68 197 69 75 76 78 207 81 2517 217 222 1888 2657 5350 1130 236 499 244 635 2942
78 2818 2568 138 12 13 14 15 7055 18 20 276 1686 24 25 1310 32 422 44 45 46 1967 429 49 5834 77 1105 218 122 2664 3700 885 375 1402 4477 126
79 130 8450 260 6662 1671 142 912 4371 277 152 1959 45 47 2096 1201 1459 436 8244 3894 4793 62 1985 706 2886 7367 76 4048 1748 997 233 240 378
80 9 8586 12 13 2961 19 1044 1815 31 1442 35 1572 422 38 553 41 44 179 181 321 2759 9678 214 215 351 2147 1511 365 117 248 254
81 259 6 7 9 13 527 15 147 277 22 25 539 7195 1053 27 3488 928 1571 37 3879 2475 178 182 3400 205 80 211 83 216 90 120 95 5731 245 248 1017 510
82 4478 1671 7433 137 143 9360 20 25 26 155 3097 2078 4514 163 5417 42 45 55 3895 61 4801 67 707 1610 334 216 2014 7774 230 3943 2282 8427 492 369 1906 247 510
83 131 2052 6 3975 9 139 144 147 9493 24 797 3244 45 941 1582 173 2098 50 54 7287 59 6205 200 76 8401 91 3293 742 2791 3056 116 118 503 890
84 4995 21 4761 26 27 28 25 926 30 32 159 34 31 42 44 45 53 1080 827 455 968 1737 204 333 6354 88 3097 487 233 8044 3949 2542 4347 114 5490 1269 885 1147 124
85 4 5 8 13 14 4240 2065 912 25 412 31 38 4390 40 1449 176 53 56 59 69 73 216 217 90 475 226 3559 2024 114 758 120 121
86 0 2 2051 4 5 3 7 10 11 13 21 23 33 1318 2987 2221 1340 77 79 9041 218 859 1757 351 96 1121 98 227 485 1896 238 500
87 4227 6 138 11 14 24 281 25 6045 2334 34 6052 49 180 949 186 2498 451 4040 4048 6614 1368 3160 91 97 104 3053 251 8949 505 6779
88 0 1 2 3 4 5 8 6025 12 17 5778 19 21 24 26 796 29 672 38 169 42 45 1583 47 1591 68 3915 92 1503 7777 100 869 1263 117
89 1 257 8579 6 4618 267 138 15 16 19 281 3354 538 156 28 669 30 169 682 44 178 60 3137 837 3526 199 72 6087 1861 75 206 726 87 2527 2019 4971 112 498 636
90 1 4225 3 5 6 519 12 13 15 16 17 3223 26 155 28 2228 310 953 60 708 969 975 1363 212 2516 3923 9561 1504 229 3560 491 1260 1782
91 0 1 2 3 4 5 6 7 6018 651 12 11 142 4370 19 663 8088 407 5275 164 2477 48 817 49 4148 55 443 3003 60 327 2513 84 473 2665 111 112 114
92 0 1 2 3 4 5 7 8 141 14 399 20 21 4630 24 25 1054 30 549 40 41 50 2360 68 71 585 73 715 475 3676 364 8948 121 8444
93 772 5381 138 5005 280 412 33 161 162 179 51 1080 67 714 589 9040 213 470 87 353 4090 99 1638 103 105 107 1388 5361 501 2295 2552 3194 1532
94 258 2576 19 21 2329 28 30 32 34 932 420 7590 43 59 189 318 321 4299 77 337 338 980 85 88 619 493 1008 117 374 1788
95 6913 258 6147 130 133 138 652 402 165 299 2348 47 433 3893 3767 568 64 65 580 335 79 209 212 84 3033 482 228 6629 740 103 235 110 111
96 523 2195 404 4757 2330 27 33 290 163 1442 2087 3881 48 308 189 962 3013 5447 329 330 1867 4044 77 4560 1489 721 212 2644 727 219 92 3424 480 229 109 114 243 2291 115 4088 249 252
97 0 4 519 521 777 265 9 14 3858 282 6044 285 670 31 160 1570 34 4146 53 190 63 4928 1478 85 1880 345 99 239 1275
98 0 1 2 6400 5 8 9 13 5645 17 23 3097 26 410 27 157 40 42 43 556 46 175 179 52 56 6201 205 1487 1636 106 236 1263 5748 1658
99 0 1 2 3 4 5 6402 7 8 9 138 13 14 15 16 19 21 23 27 155 933 37 3110 168 3881 41 1966 303 2478 1209 2498 199 4552 7497 75 5197 599 1756 97 5863 362 8044 116 117
